#
# A fatal error has been detected by the Java Runtime Environment:
#
#  EXCEPTION_ACCESS_VIOLATION (0xc0000005) at pc=0x00007ffc5c39168e, pid=25168, tid=15280
#
# JRE version: OpenJDK Runtime Environment (Red_Hat-11.0.19+7-1) (11.0.19+7) (build 11.0.19+7-LTS)
# Java VM: OpenJDK 64-Bit Server VM (Red_Hat-11.0.19+7-1) (11.0.19+7-LTS, mixed mode, tiered, compressed oops, g1 gc, windows-amd64)
# Problematic frame:
# V  [jvm.dll+0x5b168e]
#
# No core dump will be written. Minidumps are not enabled by default on client versions of Windows
#
# If you would like to submit a bug report, please visit:
#   https://bugzilla.redhat.com/enter_bug.cgi
#

---------------  S U M M A R Y ------------

Command Line: -javaagent:C:\Program Files\JetBrains\IntelliJ IDEA Community Edition 2024.1.1\lib\idea_rt.jar=37287:C:\Program Files\JetBrains\IntelliJ IDEA Community Edition 2024.1.1\bin -Dfile.encoding=UTF-8 org.scala.datamasking.DataMasking

Host: Intel(R) Core(TM) i7-6700HQ CPU @ 2.60GHz, 8 cores, 15G,  Windows 10 , 64 bit Build 19041 (10.0.19041.4842)
Time: Thu Nov  7 14:34:01 2024 Russia TZ 7 Standard Time elapsed time: 9.314679 seconds (0d 0h 0m 9s)

---------------  T H R E A D  ---------------

Current thread (0x00000181d8c7e000):  JavaThread "C2 CompilerThread2" daemon [_thread_in_native, id=15280, stack(0x00000028eb500000,0x00000028eb600000)]


Current CompileTask:
C2:   9314 5072       4       jdk.internal.org.objectweb.asm.MethodWriter::visitMethodInsn (228 bytes)

Stack: [0x00000028eb500000,0x00000028eb600000],  sp=0x00000028eb5fbcf0,  free space=1007k
Native frames: (J=compiled Java code, j=interpreted, Vv=VM code, C=native code)
V  [jvm.dll+0x5b168e]
V  [jvm.dll+0x5b179e]
V  [jvm.dll+0x5b602e]
V  [jvm.dll+0x5b67c5]
V  [jvm.dll+0x5b54de]
V  [jvm.dll+0x20910d]
V  [jvm.dll+0x2083dd]
V  [jvm.dll+0x18a3b1]
V  [jvm.dll+0x217c54]
V  [jvm.dll+0x215e9b]
V  [jvm.dll+0x773160]
V  [jvm.dll+0x76c094]
V  [jvm.dll+0x622345]
C  [ucrtbase.dll+0x21bb2]
C  [KERNEL32.DLL+0x17374]
C  [ntdll.dll+0x4cc91]


siginfo: EXCEPTION_ACCESS_VIOLATION (0xc0000005), reading address 0x00006ffc5c6613d8


Register to memory mapping:

RIP=0x00007ffc5c39168e jvm.dll
RAX=0x00006ffc5c6613b0 is an unknown value
RBX=0x00000181da5ebeb0 points into unknown readable memory: 0x00006ffc5c6613b0 | b0 13 66 5c fc 6f 00 00
RCX=0x00000181da5ebeb0 points into unknown readable memory: 0x00006ffc5c6613b0 | b0 13 66 5c fc 6f 00 00
RDX=0x00000181d90a4910 points into unknown readable memory: 0x0000000000000003 | 03 00 00 00 00 00 00 00
RSP=0x00000028eb5fbcf0 is pointing into the stack for thread: 0x00000181d8c7e000
RBP=0x00000181dad4c068 points into unknown readable memory: 0x00007ffc5c65f6b8 | b8 f6 65 5c fc 7f 00 00
RSI=0x0 is NULL
RDI=0x00000181dfa27ef0 points into unknown readable memory: 0x0000000000000200 | 00 02 00 00 00 00 00 00
R8 =0x0000000000000079 is an unknown value
R9 =0x00007ffc5c043ae0 jvm.dll
R10=0x0 is NULL
R11=0x00000028eb5fbcb0 is pointing into the stack for thread: 0x00000181d8c7e000
R12=0x0000000000000002 is an unknown value
R13=0x00000028eb5fc2f0 is pointing into the stack for thread: 0x00000181d8c7e000
R14=0x00000181dad4c940 points into unknown readable memory: 0x00007ffc5c658778 | 78 87 65 5c fc 7f 00 00
R15=0x0 is NULL


Registers:
RAX=0x00006ffc5c6613b0, RBX=0x00000181da5ebeb0, RCX=0x00000181da5ebeb0, RDX=0x00000181d90a4910
RSP=0x00000028eb5fbcf0, RBP=0x00000181dad4c068, RSI=0x0000000000000000, RDI=0x00000181dfa27ef0
R8 =0x0000000000000079, R9 =0x00007ffc5c043ae0, R10=0x0000000000000000, R11=0x00000028eb5fbcb0
R12=0x0000000000000002, R13=0x00000028eb5fc2f0, R14=0x00000181dad4c940, R15=0x0000000000000000
RIP=0x00007ffc5c39168e, EFLAGS=0x0000000000010246

Top of Stack: (sp=0x00000028eb5fbcf0)
0x00000028eb5fbcf0:   00000181da5ebeb0 00000181dad4c068
0x00000028eb5fbd00:   0000000000000000 0000000000000000
0x00000028eb5fbd10:   0000000000000000 00000028eb5fbec8
0x00000028eb5fbd20:   0000018100000003 0000000000000010
0x00000028eb5fbd30:   0000000000000000 0000000000000002
0x00000028eb5fbd40:   00000181d90a57f0 00000181dad4ca28
0x00000028eb5fbd50:   00000028eb5fc2f0 00000181dad4c068
0x00000028eb5fbd60:   00000181dad4c940 00007ffc5c39179e
0x00000028eb5fbd70:   0000018100000002 0000000000000000
0x00000028eb5fbd80:   00000181d90a57f0 00000181dad4c068
0x00000028eb5fbd90:   00000028eb5fbe88 00000028eb5fc2f0
0x00000028eb5fbda0:   0000018100000004 0000000000000010
0x00000028eb5fbdb0:   00000181dad4ca28 00000181d90a4320
0x00000028eb5fbdc0:   0000000000000000 00000181dad4ca28
0x00000028eb5fbdd0:   00000028eb5fcc78 00000028eb5fc2f0
0x00000028eb5fbde0:   0000000000000001 00007ffc5c39602e 

Instructions: (pc=0x00007ffc5c39168e)
0x00007ffc5c39158e:   08 49 0f 45 f7 ff c3 48 83 c7 08 41 3b dc 72 b2
0x00007ffc5c39159e:   48 8b ac 24 98 00 00 00 bf 08 00 00 00 44 8b bc
0x00007ffc5c3915ae:   24 80 00 00 00 41 bc 01 00 00 00 44 39 64 24 30
0x00007ffc5c3915be:   0f 86 37 02 00 00 49 8b 06 41 8b d4 49 8b ce ff
0x00007ffc5c3915ce:   50 70 85 c0 0f 84 0c 02 00 00 49 8b 46 08 49 8d
0x00007ffc5c3915de:   95 88 09 00 00 b9 60 0a 00 00 48 8b 1c 07 e8 3f
0x00007ffc5c3915ee:   7d b0 ff 48 8b f8 48 85 c0 74 2d 33 c0 48 89 87
0x00007ffc5c3915fe:   30 0a 00 00 48 89 87 38 0a 00 00 48 89 87 40 0a
0x00007ffc5c39160e:   00 00 48 89 87 48 0a 00 00 48 89 87 50 0a 00 00
0x00007ffc5c39161e:   89 87 58 0a 00 00 eb 02 33 ff 48 8b 8c 24 90 00
0x00007ffc5c39162e:   00 00 41 8b c7 41 ff c7 44 89 bc 24 80 00 00 00
0x00007ffc5c39163e:   48 89 7c c1 10 48 c7 47 10 00 00 00 00 48 c7 47
0x00007ffc5c39164e:   18 00 00 00 00 48 89 5f 08 8b 4b 28 8b c1 c1 e8
0x00007ffc5c39165e:   05 41 3b 85 e8 09 00 00 72 05 45 33 ff eb 1b 49
0x00007ffc5c39166e:   8b 95 f0 09 00 00 83 e1 1f 44 8b c0 b8 01 00 00
0x00007ffc5c39167e:   00 d3 e0 46 8b 3c 82 44 23 f8 48 8b 03 48 8b cb
0x00007ffc5c39168e:   ff 50 28 48 8b c8 48 8b 10 ff 52 40 84 c0 0f 85
0x00007ffc5c39169e:   a2 00 00 00 44 8b 53 2c 41 8b c2 48 8b 4b 08 83
0x00007ffc5c3916ae:   e0 3f 4c 8b 09 3c 30 75 0d 48 8b 41 08 48 8b 48
0x00007ffc5c3916be:   08 4c 8b 01 eb 03 45 33 c0 48 85 ed 74 42 4d 85
0x00007ffc5c3916ce:   c9 74 3d 49 3b e9 74 38 49 3b e8 74 33 48 8b cd
0x00007ffc5c3916de:   33 d2 8b 41 2c 24 3f 3c 20 0f 84 d4 00 00 00 48
0x00007ffc5c3916ee:   8b 41 08 48 8b 08 49 3b c9 74 0c 49 3b c8 74 07
0x00007ffc5c3916fe:   ff c2 83 fa 06 72 db 83 fa 06 0f 84 b3 00 00 00
0x00007ffc5c39170e:   41 81 e2 ff 03 00 00 41 81 fa 04 03 00 00 75 09
0x00007ffc5c39171e:   e8 ed 0d ac ff 84 c0 75 1d 8b 43 2c 25 ff 07 00
0x00007ffc5c39172e:   00 3d 04 05 00 00 75 09 e8 b5 f3 a5 ff 84 c0 75
0x00007ffc5c39173e:   05 45 85 ff 75 7d 48 8b 94 24 a0 00 00 00 48 8b
0x00007ffc5c39174e:   0a 48 83 f9 01 74 14 8b 43 2c 83 e0 3f 3c 30 75
0x00007ffc5c39175e:   0a 48 8b 43 08 48 39 48 08 75 58 48 83 fe ff 74
0x00007ffc5c39176e:   52 48 85 ed 75 14 48 8b 43 08 48 8b 08 48 85 c9
0x00007ffc5c39177e:   74 08 83 7b 18 01 48 0f 47 e9 48 89 54 24 20 4c 


Stack slot to memory mapping:
stack at sp + 0 slots: 0x00000181da5ebeb0 points into unknown readable memory: 0x00006ffc5c6613b0 | b0 13 66 5c fc 6f 00 00
stack at sp + 1 slots: 0x00000181dad4c068 points into unknown readable memory: 0x00007ffc5c65f6b8 | b8 f6 65 5c fc 7f 00 00
stack at sp + 2 slots: 0x0 is NULL
stack at sp + 3 slots: 0x0 is NULL
stack at sp + 4 slots: 0x0 is NULL
stack at sp + 5 slots: 0x00000028eb5fbec8 is pointing into the stack for thread: 0x00000181d8c7e000
stack at sp + 6 slots: 0x0000018100000003 is an unknown value
stack at sp + 7 slots: 0x0000000000000010 is an unknown value


---------------  P R O C E S S  ---------------

Threads class SMR info:
_java_thread_list=0x00000181dd252420, length=47, elements={
0x00000181b275f800, 0x00000181d8368800, 0x00000181d8c1a000, 0x00000181d8c68800,
0x00000181d8c69800, 0x00000181d8c6c000, 0x00000181d8c78000, 0x00000181d8c7a000,
0x00000181d8c89000, 0x00000181d9099000, 0x00000181d9688000, 0x00000181db805000,
0x00000181db6e1800, 0x00000181dca66000, 0x00000181db6dc000, 0x00000181db78a000,
0x00000181dca5f800, 0x00000181db8b1800, 0x00000181dcb37800, 0x00000181dcb38000,
0x00000181dc7fb000, 0x00000181dc7fc000, 0x00000181dc7fd800, 0x00000181dc7fe800,
0x00000181dc800000, 0x00000181dc7ff000, 0x00000181dc7fa800, 0x00000181dc801000,
0x00000181dc835800, 0x00000181dc838000, 0x00000181dc836800, 0x00000181dc837000,
0x00000181dc832800, 0x00000181dc839000, 0x00000181dc835000, 0x00000181dc833000,
0x00000181dc839800, 0x00000181dc834000, 0x00000181dc840000, 0x00000181dc83c000,
0x00000181dc83f800, 0x00000181dc83a800, 0x00000181dc83b800, 0x00000181dc841000,
0x00000181dc83d000, 0x00000181d8c81000, 0x00000181d8c7e000
}

Java Threads: ( => current thread )
  0x00000181b275f800 JavaThread "main" [_thread_in_vm, id=3428, stack(0x00000028e7900000,0x00000028e7a00000)]
  0x00000181d8368800 JavaThread "Reference Handler" daemon [_thread_blocked, id=15224, stack(0x00000028e8000000,0x00000028e8100000)]
  0x00000181d8c1a000 JavaThread "Finalizer" daemon [_thread_blocked, id=9556, stack(0x00000028e8100000,0x00000028e8200000)]
  0x00000181d8c68800 JavaThread "Signal Dispatcher" daemon [_thread_blocked, id=10172, stack(0x00000028e8200000,0x00000028e8300000)]
  0x00000181d8c69800 JavaThread "Attach Listener" daemon [_thread_blocked, id=17196, stack(0x00000028e8300000,0x00000028e8400000)]
  0x00000181d8c6c000 JavaThread "Service Thread" daemon [_thread_blocked, id=6852, stack(0x00000028e8400000,0x00000028e8500000)]
  0x00000181d8c78000 JavaThread "C2 CompilerThread0" daemon [_thread_in_native, id=20272, stack(0x00000028e8500000,0x00000028e8600000)]
  0x00000181d8c7a000 JavaThread "C1 CompilerThread0" daemon [_thread_blocked, id=20196, stack(0x00000028e8600000,0x00000028e8700000)]
  0x00000181d8c89000 JavaThread "Sweeper thread" daemon [_thread_blocked, id=12128, stack(0x00000028e8700000,0x00000028e8800000)]
  0x00000181d9099000 JavaThread "Common-Cleaner" daemon [_thread_blocked, id=8424, stack(0x00000028e8800000,0x00000028e8900000)]
  0x00000181d9688000 JavaThread "Monitor Ctrl-Break" daemon [_thread_in_native, id=14184, stack(0x00000028e8a00000,0x00000028e8b00000)]
  0x00000181db805000 JavaThread "dispatcher-event-loop-0" daemon [_thread_blocked, id=13892, stack(0x00000028e9300000,0x00000028e9400000)]
  0x00000181db6e1800 JavaThread "dispatcher-event-loop-1" daemon [_thread_blocked, id=21544, stack(0x00000028e9400000,0x00000028e9500000)]
  0x00000181dca66000 JavaThread "rpc-server-3-1" daemon [_thread_in_native, id=17604, stack(0x00000028e8900000,0x00000028e8a00000)]
  0x00000181db6dc000 JavaThread "map-output-dispatcher-0" daemon [_thread_blocked, id=2208, stack(0x00000028e9100000,0x00000028e9200000)]
  0x00000181db78a000 JavaThread "map-output-dispatcher-1" daemon [_thread_blocked, id=25488, stack(0x00000028e9500000,0x00000028e9600000)]
  0x00000181dca5f800 JavaThread "map-output-dispatcher-2" daemon [_thread_blocked, id=11120, stack(0x00000028e9600000,0x00000028e9700000)]
  0x00000181db8b1800 JavaThread "map-output-dispatcher-3" daemon [_thread_blocked, id=12180, stack(0x00000028e9700000,0x00000028e9800000)]
  0x00000181dcb37800 JavaThread "map-output-dispatcher-4" daemon [_thread_blocked, id=1136, stack(0x00000028e9800000,0x00000028e9900000)]
  0x00000181dcb38000 JavaThread "map-output-dispatcher-5" daemon [_thread_blocked, id=19556, stack(0x00000028e9900000,0x00000028e9a00000)]
  0x00000181dc7fb000 JavaThread "map-output-dispatcher-6" daemon [_thread_blocked, id=7116, stack(0x00000028e9a00000,0x00000028e9b00000)]
  0x00000181dc7fc000 JavaThread "map-output-dispatcher-7" daemon [_thread_blocked, id=17092, stack(0x00000028e9b00000,0x00000028e9c00000)]
  0x00000181dc7fd800 JavaThread "RemoteBlock-temp-file-clean-thread" daemon [_thread_blocked, id=24904, stack(0x00000028e9c00000,0x00000028e9d00000)]
  0x00000181dc7fe800 JavaThread "SparkUI-29" daemon [_thread_in_native, id=25436, stack(0x00000028e9d00000,0x00000028e9e00000)]
  0x00000181dc800000 JavaThread "SparkUI-30" daemon [_thread_in_native, id=13088, stack(0x00000028e9e00000,0x00000028e9f00000)]
  0x00000181dc7ff000 JavaThread "SparkUI-31" daemon [_thread_in_native, id=22688, stack(0x00000028e9f00000,0x00000028ea000000)]
  0x00000181dc7fa800 JavaThread "SparkUI-32" daemon [_thread_in_native, id=19044, stack(0x00000028ea000000,0x00000028ea100000)]
  0x00000181dc801000 JavaThread "SparkUI-33-acceptor-0@4c5523d0-ServerConnector@4292c42a{HTTP/1.1,[http/1.1]}{0.0.0.0:4040}" daemon [_thread_in_native, id=13528, stack(0x00000028ea100000,0x00000028ea200000)]
  0x00000181dc835800 JavaThread "SparkUI-34" daemon [_thread_blocked, id=16164, stack(0x00000028ea200000,0x00000028ea300000)]
  0x00000181dc838000 JavaThread "SparkUI-35" daemon [_thread_blocked, id=16620, stack(0x00000028ea300000,0x00000028ea400000)]
  0x00000181dc836800 JavaThread "SparkUI-36" daemon [_thread_blocked, id=704, stack(0x00000028ea400000,0x00000028ea500000)]
  0x00000181dc837000 JavaThread "heartbeat-receiver-event-loop-thread" daemon [_thread_blocked, id=17796, stack(0x00000028ea700000,0x00000028ea800000)]
  0x00000181dc832800 JavaThread "Timer-0" daemon [_thread_blocked, id=7092, stack(0x00000028ea800000,0x00000028ea900000)]
  0x00000181dc839000 JavaThread "Timer-1" daemon [_thread_blocked, id=9808, stack(0x00000028ea900000,0x00000028eaa00000)]
  0x00000181dc835000 JavaThread "netty-rpc-env-timeout" daemon [_thread_blocked, id=5300, stack(0x00000028eaa00000,0x00000028eab00000)]
  0x00000181dc833000 JavaThread "dag-scheduler-event-loop" daemon [_thread_blocked, id=3216, stack(0x00000028eab00000,0x00000028eac00000)]
  0x00000181dc839800 JavaThread "driver-heartbeater" daemon [_thread_blocked, id=20460, stack(0x00000028eac00000,0x00000028ead00000)]
  0x00000181dc834000 JavaThread "shuffle-server-5-1" daemon [_thread_in_native, id=14792, stack(0x00000028ead00000,0x00000028eae00000)]
  0x00000181dc840000 JavaThread "Spark Context Cleaner" daemon [_thread_blocked, id=9504, stack(0x00000028eae00000,0x00000028eaf00000)]
  0x00000181dc83c000 JavaThread "context-cleaner-periodic-gc" daemon [_thread_blocked, id=11540, stack(0x00000028eaf00000,0x00000028eb000000)]
  0x00000181dc83f800 JavaThread "spark-listener-group-appStatus" daemon [_thread_blocked, id=17696, stack(0x00000028eb000000,0x00000028eb100000)]
  0x00000181dc83a800 JavaThread "spark-listener-group-executorManagement" daemon [_thread_blocked, id=22136, stack(0x00000028eb100000,0x00000028eb200000)]
  0x00000181dc83b800 JavaThread "element-tracking-store-worker" daemon [_thread_blocked, id=23388, stack(0x00000028eb200000,0x00000028eb300000)]
  0x00000181dc841000 JavaThread "spark-listener-group-shared" daemon [_thread_blocked, id=10040, stack(0x00000028eb300000,0x00000028eb400000)]
  0x00000181dc83d000 JavaThread "spark-listener-group-streams" daemon [_thread_blocked, id=8612, stack(0x00000028ea500000,0x00000028ea600000)]
  0x00000181d8c81000 JavaThread "C2 CompilerThread1" daemon [_thread_in_native, id=3824, stack(0x00000028eb400000,0x00000028eb500000)]
=>0x00000181d8c7e000 JavaThread "C2 CompilerThread2" daemon [_thread_in_native, id=15280, stack(0x00000028eb500000,0x00000028eb600000)]

Other Threads:
  0x00000181d8367000 VMThread "VM Thread" [stack: 0x00000028e7f00000,0x00000028e8000000] [id=12448]
  0x00000181d913c000 WatcherThread [stack: 0x00000028e8b00000,0x00000028e8c00000] [id=22860]
  0x00000181b2777800 GCTaskThread "GC Thread#0" [stack: 0x00000028e7a00000,0x00000028e7b00000] [id=10760]
  0x00000181da2ee000 GCTaskThread "GC Thread#1" [stack: 0x00000028e8c00000,0x00000028e8d00000] [id=11972]
  0x00000181da2ef000 GCTaskThread "GC Thread#2" [stack: 0x00000028e8d00000,0x00000028e8e00000] [id=24300]
  0x00000181db1e7800 GCTaskThread "GC Thread#3" [stack: 0x00000028e8e00000,0x00000028e8f00000] [id=4796]
  0x00000181db1e8000 GCTaskThread "GC Thread#4" [stack: 0x00000028e8f00000,0x00000028e9000000] [id=22336]
  0x00000181db1e9800 GCTaskThread "GC Thread#5" [stack: 0x00000028e9000000,0x00000028e9100000] [id=4132]
  0x00000181b27d4000 ConcurrentGCThread "G1 Main Marker" [stack: 0x00000028e7b00000,0x00000028e7c00000] [id=25544]
  0x00000181b27d6800 ConcurrentGCThread "G1 Conc#0" [stack: 0x00000028e7c00000,0x00000028e7d00000] [id=4440]
  0x00000181db568000 ConcurrentGCThread "G1 Conc#1" [stack: 0x00000028e9200000,0x00000028e9300000] [id=7292]
  0x00000181d824c800 ConcurrentGCThread "G1 Refine#0" [stack: 0x00000028e7d00000,0x00000028e7e00000] [id=10716]
  0x00000181d824d800 ConcurrentGCThread "G1 Young RemSet Sampling" [stack: 0x00000028e7e00000,0x00000028e7f00000] [id=17068]

Threads with active compile tasks:
C2 CompilerThread0     9517 4989       4       java.lang.ClassLoader::loadClass (7 bytes)
C2 CompilerThread1     9517 5056       4       jdk.internal.loader.BuiltinClassLoader::loadClassOrNull (7 bytes)
C2 CompilerThread2     9517 5072       4       jdk.internal.org.objectweb.asm.MethodWriter::visitMethodInsn (228 bytes)

VM state:not at safepoint (normal execution)

VM Mutex/Monitor currently owned by a thread: None

Heap address: 0x0000000702200000, size: 4062 MB, Compressed Oops mode: Zero based, Oop shift amount: 3
Narrow klass base: 0x0000000800000000, Narrow klass shift: 0
Compressed class space size: 1073741824 Address: 0x0000000800000000

Heap:
 garbage-first heap   total 260096K, used 148846K [0x0000000702200000, 0x0000000800000000)
  region size 1024K, 134 young (137216K), 9 survivors (9216K)
 Metaspace       used 80270K, capacity 82769K, committed 82944K, reserved 1120256K
  class space    used 10701K, capacity 11999K, committed 12032K, reserved 1048576K
Heap Regions: E=young(eden), S=young(survivor), O=old, HS=humongous(starts), HC=humongous(continues), CS=collection set, F=free, A=archive, TAMS=top-at-mark-start (previous, next)
|   0|0x0000000702200000, 0x0000000702300000, 0x0000000702300000|100%|HS|  |TAMS 0x0000000702300000, 0x0000000702200000| Complete 
|   1|0x0000000702300000, 0x0000000702400000, 0x0000000702400000|100%| O|  |TAMS 0x0000000702400000, 0x0000000702300000| Untracked 
|   2|0x0000000702400000, 0x0000000702500000, 0x0000000702500000|100%| O|  |TAMS 0x0000000702500000, 0x0000000702400000| Untracked 
|   3|0x0000000702500000, 0x0000000702600000, 0x0000000702600000|100%| O|  |TAMS 0x0000000702600000, 0x0000000702500000| Untracked 
|   4|0x0000000702600000, 0x0000000702700000, 0x0000000702700000|100%| O|  |TAMS 0x0000000702700000, 0x0000000702600000| Untracked 
|   5|0x0000000702700000, 0x0000000702800000, 0x0000000702800000|100%| O|  |TAMS 0x0000000702800000, 0x0000000702700000| Untracked 
|   6|0x0000000702800000, 0x0000000702900000, 0x0000000702900000|100%| O|  |TAMS 0x0000000702900000, 0x0000000702800000| Untracked 
|   7|0x0000000702900000, 0x0000000702a00000, 0x0000000702a00000|100%| O|  |TAMS 0x0000000702a00000, 0x0000000702900000| Untracked 
|   8|0x0000000702a00000, 0x0000000702b00000, 0x0000000702b00000|100%| O|  |TAMS 0x0000000702b00000, 0x0000000702a00000| Untracked 
|   9|0x0000000702b00000, 0x0000000702c00000, 0x0000000702c00000|100%| O|  |TAMS 0x0000000702c00000, 0x0000000702b00000| Untracked 
|  10|0x0000000702c00000, 0x0000000702d00000, 0x0000000702d00000|100%| O|  |TAMS 0x0000000702d00000, 0x0000000702c00000| Untracked 
|  11|0x0000000702d00000, 0x0000000702e00000, 0x0000000702e00000|100%| O|  |TAMS 0x0000000702e00000, 0x0000000702d00000| Untracked 
|  12|0x0000000702e00000, 0x0000000702e5b800, 0x0000000702f00000| 35%| O|  |TAMS 0x0000000702e5b800, 0x0000000702e00000| Untracked 
|  13|0x0000000702f00000, 0x0000000702f00000, 0x0000000703000000|  0%| F|  |TAMS 0x0000000702f00000, 0x0000000702f00000| Untracked 
|  14|0x0000000703000000, 0x0000000703000000, 0x0000000703100000|  0%| F|  |TAMS 0x0000000703000000, 0x0000000703000000| Untracked 
|  15|0x0000000703100000, 0x0000000703100000, 0x0000000703200000|  0%| F|  |TAMS 0x0000000703100000, 0x0000000703100000| Untracked 
|  16|0x0000000703200000, 0x0000000703200000, 0x0000000703300000|  0%| F|  |TAMS 0x0000000703200000, 0x0000000703200000| Untracked 
|  17|0x0000000703300000, 0x0000000703300000, 0x0000000703400000|  0%| F|  |TAMS 0x0000000703300000, 0x0000000703300000| Untracked 
|  18|0x0000000703400000, 0x0000000703400000, 0x0000000703500000|  0%| F|  |TAMS 0x0000000703400000, 0x0000000703400000| Untracked 
|  19|0x0000000703500000, 0x0000000703500000, 0x0000000703600000|  0%| F|  |TAMS 0x0000000703500000, 0x0000000703500000| Untracked 
|  20|0x0000000703600000, 0x0000000703600000, 0x0000000703700000|  0%| F|  |TAMS 0x0000000703600000, 0x0000000703600000| Untracked 
|  21|0x0000000703700000, 0x0000000703700000, 0x0000000703800000|  0%| F|  |TAMS 0x0000000703700000, 0x0000000703700000| Untracked 
|  22|0x0000000703800000, 0x0000000703800000, 0x0000000703900000|  0%| F|  |TAMS 0x0000000703800000, 0x0000000703800000| Untracked 
|  23|0x0000000703900000, 0x0000000703900000, 0x0000000703a00000|  0%| F|  |TAMS 0x0000000703900000, 0x0000000703900000| Untracked 
|  24|0x0000000703a00000, 0x0000000703a00000, 0x0000000703b00000|  0%| F|  |TAMS 0x0000000703a00000, 0x0000000703a00000| Untracked 
|  25|0x0000000703b00000, 0x0000000703b00000, 0x0000000703c00000|  0%| F|  |TAMS 0x0000000703b00000, 0x0000000703b00000| Untracked 
|  26|0x0000000703c00000, 0x0000000703c00000, 0x0000000703d00000|  0%| F|  |TAMS 0x0000000703c00000, 0x0000000703c00000| Untracked 
|  27|0x0000000703d00000, 0x0000000703d00000, 0x0000000703e00000|  0%| F|  |TAMS 0x0000000703d00000, 0x0000000703d00000| Untracked 
|  28|0x0000000703e00000, 0x0000000703e00000, 0x0000000703f00000|  0%| F|  |TAMS 0x0000000703e00000, 0x0000000703e00000| Untracked 
|  29|0x0000000703f00000, 0x0000000703f00000, 0x0000000704000000|  0%| F|  |TAMS 0x0000000703f00000, 0x0000000703f00000| Untracked 
|  30|0x0000000704000000, 0x0000000704000000, 0x0000000704100000|  0%| F|  |TAMS 0x0000000704000000, 0x0000000704000000| Untracked 
|  31|0x0000000704100000, 0x0000000704100000, 0x0000000704200000|  0%| F|  |TAMS 0x0000000704100000, 0x0000000704100000| Untracked 
|  32|0x0000000704200000, 0x0000000704200000, 0x0000000704300000|  0%| F|  |TAMS 0x0000000704200000, 0x0000000704200000| Untracked 
|  33|0x0000000704300000, 0x0000000704300000, 0x0000000704400000|  0%| F|  |TAMS 0x0000000704300000, 0x0000000704300000| Untracked 
|  34|0x0000000704400000, 0x0000000704400000, 0x0000000704500000|  0%| F|  |TAMS 0x0000000704400000, 0x0000000704400000| Untracked 
|  35|0x0000000704500000, 0x0000000704500000, 0x0000000704600000|  0%| F|  |TAMS 0x0000000704500000, 0x0000000704500000| Untracked 
|  36|0x0000000704600000, 0x0000000704600000, 0x0000000704700000|  0%| F|  |TAMS 0x0000000704600000, 0x0000000704600000| Untracked 
|  37|0x0000000704700000, 0x0000000704700000, 0x0000000704800000|  0%| F|  |TAMS 0x0000000704700000, 0x0000000704700000| Untracked 
|  38|0x0000000704800000, 0x0000000704800000, 0x0000000704900000|  0%| F|  |TAMS 0x0000000704800000, 0x0000000704800000| Untracked 
|  39|0x0000000704900000, 0x0000000704900000, 0x0000000704a00000|  0%| F|  |TAMS 0x0000000704900000, 0x0000000704900000| Untracked 
|  40|0x0000000704a00000, 0x0000000704a00000, 0x0000000704b00000|  0%| F|  |TAMS 0x0000000704a00000, 0x0000000704a00000| Untracked 
|  41|0x0000000704b00000, 0x0000000704b00000, 0x0000000704c00000|  0%| F|  |TAMS 0x0000000704b00000, 0x0000000704b00000| Untracked 
|  42|0x0000000704c00000, 0x0000000704c00000, 0x0000000704d00000|  0%| F|  |TAMS 0x0000000704c00000, 0x0000000704c00000| Untracked 
|  43|0x0000000704d00000, 0x0000000704d00000, 0x0000000704e00000|  0%| F|  |TAMS 0x0000000704d00000, 0x0000000704d00000| Untracked 
|  44|0x0000000704e00000, 0x0000000704e00000, 0x0000000704f00000|  0%| F|  |TAMS 0x0000000704e00000, 0x0000000704e00000| Untracked 
|  45|0x0000000704f00000, 0x0000000704f00000, 0x0000000705000000|  0%| F|  |TAMS 0x0000000704f00000, 0x0000000704f00000| Untracked 
|  46|0x0000000705000000, 0x0000000705000000, 0x0000000705100000|  0%| F|  |TAMS 0x0000000705000000, 0x0000000705000000| Untracked 
|  47|0x0000000705100000, 0x0000000705100000, 0x0000000705200000|  0%| F|  |TAMS 0x0000000705100000, 0x0000000705100000| Untracked 
|  48|0x0000000705200000, 0x0000000705200000, 0x0000000705300000|  0%| F|  |TAMS 0x0000000705200000, 0x0000000705200000| Untracked 
|  49|0x0000000705300000, 0x0000000705300000, 0x0000000705400000|  0%| F|  |TAMS 0x0000000705300000, 0x0000000705300000| Untracked 
|  50|0x0000000705400000, 0x0000000705400000, 0x0000000705500000|  0%| F|  |TAMS 0x0000000705400000, 0x0000000705400000| Untracked 
|  51|0x0000000705500000, 0x0000000705500000, 0x0000000705600000|  0%| F|  |TAMS 0x0000000705500000, 0x0000000705500000| Untracked 
|  52|0x0000000705600000, 0x0000000705600000, 0x0000000705700000|  0%| F|  |TAMS 0x0000000705600000, 0x0000000705600000| Untracked 
|  53|0x0000000705700000, 0x0000000705700000, 0x0000000705800000|  0%| F|  |TAMS 0x0000000705700000, 0x0000000705700000| Untracked 
|  54|0x0000000705800000, 0x0000000705800000, 0x0000000705900000|  0%| F|  |TAMS 0x0000000705800000, 0x0000000705800000| Untracked 
|  55|0x0000000705900000, 0x0000000705900000, 0x0000000705a00000|  0%| F|  |TAMS 0x0000000705900000, 0x0000000705900000| Untracked 
|  56|0x0000000705a00000, 0x0000000705a00000, 0x0000000705b00000|  0%| F|  |TAMS 0x0000000705a00000, 0x0000000705a00000| Untracked 
|  57|0x0000000705b00000, 0x0000000705b00000, 0x0000000705c00000|  0%| F|  |TAMS 0x0000000705b00000, 0x0000000705b00000| Untracked 
|  58|0x0000000705c00000, 0x0000000705c00000, 0x0000000705d00000|  0%| F|  |TAMS 0x0000000705c00000, 0x0000000705c00000| Untracked 
|  59|0x0000000705d00000, 0x0000000705d00000, 0x0000000705e00000|  0%| F|  |TAMS 0x0000000705d00000, 0x0000000705d00000| Untracked 
|  60|0x0000000705e00000, 0x0000000705e00000, 0x0000000705f00000|  0%| F|  |TAMS 0x0000000705e00000, 0x0000000705e00000| Untracked 
|  61|0x0000000705f00000, 0x0000000705f00000, 0x0000000706000000|  0%| F|  |TAMS 0x0000000705f00000, 0x0000000705f00000| Untracked 
|  62|0x0000000706000000, 0x0000000706000000, 0x0000000706100000|  0%| F|  |TAMS 0x0000000706000000, 0x0000000706000000| Untracked 
|  63|0x0000000706100000, 0x0000000706100000, 0x0000000706200000|  0%| F|  |TAMS 0x0000000706100000, 0x0000000706100000| Untracked 
|  64|0x0000000706200000, 0x0000000706200000, 0x0000000706300000|  0%| F|  |TAMS 0x0000000706200000, 0x0000000706200000| Untracked 
|  65|0x0000000706300000, 0x0000000706300000, 0x0000000706400000|  0%| F|  |TAMS 0x0000000706300000, 0x0000000706300000| Untracked 
|  66|0x0000000706400000, 0x0000000706400000, 0x0000000706500000|  0%| F|  |TAMS 0x0000000706400000, 0x0000000706400000| Untracked 
|  67|0x0000000706500000, 0x0000000706500000, 0x0000000706600000|  0%| F|  |TAMS 0x0000000706500000, 0x0000000706500000| Untracked 
|  68|0x0000000706600000, 0x0000000706600000, 0x0000000706700000|  0%| F|  |TAMS 0x0000000706600000, 0x0000000706600000| Untracked 
|  69|0x0000000706700000, 0x0000000706700000, 0x0000000706800000|  0%| F|  |TAMS 0x0000000706700000, 0x0000000706700000| Untracked 
|  70|0x0000000706800000, 0x0000000706800000, 0x0000000706900000|  0%| F|  |TAMS 0x0000000706800000, 0x0000000706800000| Untracked 
|  71|0x0000000706900000, 0x0000000706900000, 0x0000000706a00000|  0%| F|  |TAMS 0x0000000706900000, 0x0000000706900000| Untracked 
|  72|0x0000000706a00000, 0x0000000706a00000, 0x0000000706b00000|  0%| F|  |TAMS 0x0000000706a00000, 0x0000000706a00000| Untracked 
|  73|0x0000000706b00000, 0x0000000706b00000, 0x0000000706c00000|  0%| F|  |TAMS 0x0000000706b00000, 0x0000000706b00000| Untracked 
|  74|0x0000000706c00000, 0x0000000706c00000, 0x0000000706d00000|  0%| F|  |TAMS 0x0000000706c00000, 0x0000000706c00000| Untracked 
|  75|0x0000000706d00000, 0x0000000706d00000, 0x0000000706e00000|  0%| F|  |TAMS 0x0000000706d00000, 0x0000000706d00000| Untracked 
|  76|0x0000000706e00000, 0x0000000706e00000, 0x0000000706f00000|  0%| F|  |TAMS 0x0000000706e00000, 0x0000000706e00000| Untracked 
|  77|0x0000000706f00000, 0x0000000706f00000, 0x0000000707000000|  0%| F|  |TAMS 0x0000000706f00000, 0x0000000706f00000| Untracked 
|  78|0x0000000707000000, 0x0000000707000000, 0x0000000707100000|  0%| F|  |TAMS 0x0000000707000000, 0x0000000707000000| Untracked 
|  79|0x0000000707100000, 0x0000000707100000, 0x0000000707200000|  0%| F|  |TAMS 0x0000000707100000, 0x0000000707100000| Untracked 
|  80|0x0000000707200000, 0x0000000707200000, 0x0000000707300000|  0%| F|  |TAMS 0x0000000707200000, 0x0000000707200000| Untracked 
|  81|0x0000000707300000, 0x0000000707300000, 0x0000000707400000|  0%| F|  |TAMS 0x0000000707300000, 0x0000000707300000| Untracked 
|  82|0x0000000707400000, 0x0000000707400000, 0x0000000707500000|  0%| F|  |TAMS 0x0000000707400000, 0x0000000707400000| Untracked 
|  83|0x0000000707500000, 0x0000000707500000, 0x0000000707600000|  0%| F|  |TAMS 0x0000000707500000, 0x0000000707500000| Untracked 
|  84|0x0000000707600000, 0x0000000707600000, 0x0000000707700000|  0%| F|  |TAMS 0x0000000707600000, 0x0000000707600000| Untracked 
|  85|0x0000000707700000, 0x0000000707700000, 0x0000000707800000|  0%| F|  |TAMS 0x0000000707700000, 0x0000000707700000| Untracked 
|  86|0x0000000707800000, 0x0000000707800000, 0x0000000707900000|  0%| F|  |TAMS 0x0000000707800000, 0x0000000707800000| Untracked 
|  87|0x0000000707900000, 0x0000000707900000, 0x0000000707a00000|  0%| F|  |TAMS 0x0000000707900000, 0x0000000707900000| Untracked 
|  88|0x0000000707a00000, 0x0000000707a00000, 0x0000000707b00000|  0%| F|  |TAMS 0x0000000707a00000, 0x0000000707a00000| Untracked 
|  89|0x0000000707b00000, 0x0000000707b00000, 0x0000000707c00000|  0%| F|  |TAMS 0x0000000707b00000, 0x0000000707b00000| Untracked 
|  90|0x0000000707c00000, 0x0000000707c00000, 0x0000000707d00000|  0%| F|  |TAMS 0x0000000707c00000, 0x0000000707c00000| Untracked 
|  91|0x0000000707d00000, 0x0000000707d00000, 0x0000000707e00000|  0%| F|  |TAMS 0x0000000707d00000, 0x0000000707d00000| Untracked 
|  92|0x0000000707e00000, 0x0000000707e00000, 0x0000000707f00000|  0%| F|  |TAMS 0x0000000707e00000, 0x0000000707e00000| Untracked 
|  93|0x0000000707f00000, 0x0000000707f00000, 0x0000000708000000|  0%| F|  |TAMS 0x0000000707f00000, 0x0000000707f00000| Untracked 
|  94|0x0000000708000000, 0x0000000708000000, 0x0000000708100000|  0%| F|  |TAMS 0x0000000708000000, 0x0000000708000000| Untracked 
|  95|0x0000000708100000, 0x0000000708100000, 0x0000000708200000|  0%| F|  |TAMS 0x0000000708100000, 0x0000000708100000| Untracked 
|  96|0x0000000708200000, 0x0000000708200000, 0x0000000708300000|  0%| F|  |TAMS 0x0000000708200000, 0x0000000708200000| Untracked 
|  97|0x0000000708300000, 0x0000000708300000, 0x0000000708400000|  0%| F|  |TAMS 0x0000000708300000, 0x0000000708300000| Untracked 
|  98|0x0000000708400000, 0x0000000708400000, 0x0000000708500000|  0%| F|  |TAMS 0x0000000708400000, 0x0000000708400000| Untracked 
|  99|0x0000000708500000, 0x0000000708500000, 0x0000000708600000|  0%| F|  |TAMS 0x0000000708500000, 0x0000000708500000| Untracked 
| 100|0x0000000708600000, 0x0000000708600000, 0x0000000708700000|  0%| F|  |TAMS 0x0000000708600000, 0x0000000708600000| Untracked 
| 101|0x0000000708700000, 0x0000000708700000, 0x0000000708800000|  0%| F|  |TAMS 0x0000000708700000, 0x0000000708700000| Untracked 
| 102|0x0000000708800000, 0x0000000708800000, 0x0000000708900000|  0%| F|  |TAMS 0x0000000708800000, 0x0000000708800000| Untracked 
| 103|0x0000000708900000, 0x0000000708900000, 0x0000000708a00000|  0%| F|  |TAMS 0x0000000708900000, 0x0000000708900000| Untracked 
| 104|0x0000000708a00000, 0x0000000708a00000, 0x0000000708b00000|  0%| F|  |TAMS 0x0000000708a00000, 0x0000000708a00000| Untracked 
| 105|0x0000000708b00000, 0x0000000708b00000, 0x0000000708c00000|  0%| F|  |TAMS 0x0000000708b00000, 0x0000000708b00000| Untracked 
| 106|0x0000000708c00000, 0x0000000708c00000, 0x0000000708d00000|  0%| F|  |TAMS 0x0000000708c00000, 0x0000000708c00000| Untracked 
| 107|0x0000000708d00000, 0x0000000708d00000, 0x0000000708e00000|  0%| F|  |TAMS 0x0000000708d00000, 0x0000000708d00000| Untracked 
| 108|0x0000000708e00000, 0x0000000708e00000, 0x0000000708f00000|  0%| F|  |TAMS 0x0000000708e00000, 0x0000000708e00000| Untracked 
| 109|0x0000000708f00000, 0x0000000708f00000, 0x0000000709000000|  0%| F|  |TAMS 0x0000000708f00000, 0x0000000708f00000| Untracked 
| 110|0x0000000709000000, 0x0000000709000000, 0x0000000709100000|  0%| F|  |TAMS 0x0000000709000000, 0x0000000709000000| Untracked 
| 111|0x0000000709100000, 0x0000000709100000, 0x0000000709200000|  0%| F|  |TAMS 0x0000000709100000, 0x0000000709100000| Untracked 
| 112|0x0000000709200000, 0x0000000709200000, 0x0000000709300000|  0%| F|  |TAMS 0x0000000709200000, 0x0000000709200000| Untracked 
| 113|0x0000000709300000, 0x0000000709300000, 0x0000000709400000|  0%| F|  |TAMS 0x0000000709300000, 0x0000000709300000| Untracked 
| 114|0x0000000709400000, 0x0000000709400000, 0x0000000709500000|  0%| F|  |TAMS 0x0000000709400000, 0x0000000709400000| Untracked 
| 115|0x0000000709500000, 0x0000000709500000, 0x0000000709600000|  0%| F|  |TAMS 0x0000000709500000, 0x0000000709500000| Untracked 
| 116|0x0000000709600000, 0x0000000709600000, 0x0000000709700000|  0%| F|  |TAMS 0x0000000709600000, 0x0000000709600000| Untracked 
| 117|0x0000000709700000, 0x0000000709700000, 0x0000000709800000|  0%| F|  |TAMS 0x0000000709700000, 0x0000000709700000| Untracked 
| 118|0x0000000709800000, 0x0000000709800000, 0x0000000709900000|  0%| F|  |TAMS 0x0000000709800000, 0x0000000709800000| Untracked 
| 119|0x0000000709900000, 0x0000000709900000, 0x0000000709a00000|  0%| F|  |TAMS 0x0000000709900000, 0x0000000709900000| Untracked 
| 120|0x0000000709a00000, 0x0000000709b00000, 0x0000000709b00000|100%| E|  |TAMS 0x0000000709a00000, 0x0000000709a00000| Complete 
| 121|0x0000000709b00000, 0x0000000709c00000, 0x0000000709c00000|100%| E|CS|TAMS 0x0000000709b00000, 0x0000000709b00000| Complete 
| 122|0x0000000709c00000, 0x0000000709d00000, 0x0000000709d00000|100%| E|CS|TAMS 0x0000000709c00000, 0x0000000709c00000| Complete 
| 123|0x0000000709d00000, 0x0000000709e00000, 0x0000000709e00000|100%| E|CS|TAMS 0x0000000709d00000, 0x0000000709d00000| Complete 
| 124|0x0000000709e00000, 0x0000000709f00000, 0x0000000709f00000|100%| E|CS|TAMS 0x0000000709e00000, 0x0000000709e00000| Complete 
| 125|0x0000000709f00000, 0x000000070a000000, 0x000000070a000000|100%| E|CS|TAMS 0x0000000709f00000, 0x0000000709f00000| Complete 
| 126|0x000000070a000000, 0x000000070a100000, 0x000000070a100000|100%| E|CS|TAMS 0x000000070a000000, 0x000000070a000000| Complete 
| 127|0x000000070a100000, 0x000000070a200000, 0x000000070a200000|100%| E|CS|TAMS 0x000000070a100000, 0x000000070a100000| Complete 
| 128|0x000000070a200000, 0x000000070a300000, 0x000000070a300000|100%| E|CS|TAMS 0x000000070a200000, 0x000000070a200000| Complete 
| 129|0x000000070a300000, 0x000000070a400000, 0x000000070a400000|100%| E|CS|TAMS 0x000000070a300000, 0x000000070a300000| Complete 
| 130|0x000000070a400000, 0x000000070a500000, 0x000000070a500000|100%| E|CS|TAMS 0x000000070a400000, 0x000000070a400000| Complete 
| 131|0x000000070a500000, 0x000000070a600000, 0x000000070a600000|100%| E|CS|TAMS 0x000000070a500000, 0x000000070a500000| Complete 
| 132|0x000000070a600000, 0x000000070a700000, 0x000000070a700000|100%| E|CS|TAMS 0x000000070a600000, 0x000000070a600000| Complete 
| 133|0x000000070a700000, 0x000000070a800000, 0x000000070a800000|100%| E|CS|TAMS 0x000000070a700000, 0x000000070a700000| Complete 
| 134|0x000000070a800000, 0x000000070a900000, 0x000000070a900000|100%| E|CS|TAMS 0x000000070a800000, 0x000000070a800000| Complete 
| 135|0x000000070a900000, 0x000000070aa00000, 0x000000070aa00000|100%| E|CS|TAMS 0x000000070a900000, 0x000000070a900000| Complete 
| 136|0x000000070aa00000, 0x000000070ab00000, 0x000000070ab00000|100%| E|CS|TAMS 0x000000070aa00000, 0x000000070aa00000| Complete 
| 137|0x000000070ab00000, 0x000000070ac00000, 0x000000070ac00000|100%| E|CS|TAMS 0x000000070ab00000, 0x000000070ab00000| Complete 
| 138|0x000000070ac00000, 0x000000070ad00000, 0x000000070ad00000|100%| E|CS|TAMS 0x000000070ac00000, 0x000000070ac00000| Complete 
| 139|0x000000070ad00000, 0x000000070ae00000, 0x000000070ae00000|100%| E|CS|TAMS 0x000000070ad00000, 0x000000070ad00000| Complete 
| 140|0x000000070ae00000, 0x000000070af00000, 0x000000070af00000|100%| E|CS|TAMS 0x000000070ae00000, 0x000000070ae00000| Complete 
| 141|0x000000070af00000, 0x000000070b000000, 0x000000070b000000|100%| E|CS|TAMS 0x000000070af00000, 0x000000070af00000| Complete 
| 142|0x000000070b000000, 0x000000070b100000, 0x000000070b100000|100%| E|CS|TAMS 0x000000070b000000, 0x000000070b000000| Complete 
| 143|0x000000070b100000, 0x000000070b200000, 0x000000070b200000|100%| E|CS|TAMS 0x000000070b100000, 0x000000070b100000| Complete 
| 144|0x000000070b200000, 0x000000070b300000, 0x000000070b300000|100%| E|CS|TAMS 0x000000070b200000, 0x000000070b200000| Complete 
| 145|0x000000070b300000, 0x000000070b400000, 0x000000070b400000|100%| E|CS|TAMS 0x000000070b300000, 0x000000070b300000| Complete 
| 146|0x000000070b400000, 0x000000070b500000, 0x000000070b500000|100%| E|CS|TAMS 0x000000070b400000, 0x000000070b400000| Complete 
| 147|0x000000070b500000, 0x000000070b600000, 0x000000070b600000|100%| E|CS|TAMS 0x000000070b500000, 0x000000070b500000| Complete 
| 148|0x000000070b600000, 0x000000070b700000, 0x000000070b700000|100%| E|CS|TAMS 0x000000070b600000, 0x000000070b600000| Complete 
| 149|0x000000070b700000, 0x000000070b800000, 0x000000070b800000|100%| E|CS|TAMS 0x000000070b700000, 0x000000070b700000| Complete 
| 150|0x000000070b800000, 0x000000070b900000, 0x000000070b900000|100%| E|CS|TAMS 0x000000070b800000, 0x000000070b800000| Complete 
| 151|0x000000070b900000, 0x000000070ba00000, 0x000000070ba00000|100%| E|CS|TAMS 0x000000070b900000, 0x000000070b900000| Complete 
| 152|0x000000070ba00000, 0x000000070bb00000, 0x000000070bb00000|100%| E|CS|TAMS 0x000000070ba00000, 0x000000070ba00000| Complete 
| 153|0x000000070bb00000, 0x000000070bc00000, 0x000000070bc00000|100%| E|CS|TAMS 0x000000070bb00000, 0x000000070bb00000| Complete 
| 154|0x000000070bc00000, 0x000000070bd00000, 0x000000070bd00000|100%| E|CS|TAMS 0x000000070bc00000, 0x000000070bc00000| Complete 
| 155|0x000000070bd00000, 0x000000070be00000, 0x000000070be00000|100%| E|CS|TAMS 0x000000070bd00000, 0x000000070bd00000| Complete 
| 156|0x000000070be00000, 0x000000070bf00000, 0x000000070bf00000|100%| E|CS|TAMS 0x000000070be00000, 0x000000070be00000| Complete 
| 157|0x000000070bf00000, 0x000000070c000000, 0x000000070c000000|100%| E|CS|TAMS 0x000000070bf00000, 0x000000070bf00000| Complete 
| 158|0x000000070c000000, 0x000000070c100000, 0x000000070c100000|100%| E|CS|TAMS 0x000000070c000000, 0x000000070c000000| Complete 
| 159|0x000000070c100000, 0x000000070c200000, 0x000000070c200000|100%| E|CS|TAMS 0x000000070c100000, 0x000000070c100000| Complete 
| 160|0x000000070c200000, 0x000000070c300000, 0x000000070c300000|100%| E|CS|TAMS 0x000000070c200000, 0x000000070c200000| Complete 
| 161|0x000000070c300000, 0x000000070c400000, 0x000000070c400000|100%| E|CS|TAMS 0x000000070c300000, 0x000000070c300000| Complete 
| 162|0x000000070c400000, 0x000000070c500000, 0x000000070c500000|100%| E|CS|TAMS 0x000000070c400000, 0x000000070c400000| Complete 
| 163|0x000000070c500000, 0x000000070c600000, 0x000000070c600000|100%| E|CS|TAMS 0x000000070c500000, 0x000000070c500000| Complete 
| 164|0x000000070c600000, 0x000000070c700000, 0x000000070c700000|100%| E|CS|TAMS 0x000000070c600000, 0x000000070c600000| Complete 
| 165|0x000000070c700000, 0x000000070c800000, 0x000000070c800000|100%| E|CS|TAMS 0x000000070c700000, 0x000000070c700000| Complete 
| 166|0x000000070c800000, 0x000000070c900000, 0x000000070c900000|100%| E|CS|TAMS 0x000000070c800000, 0x000000070c800000| Complete 
| 167|0x000000070c900000, 0x000000070ca00000, 0x000000070ca00000|100%| E|CS|TAMS 0x000000070c900000, 0x000000070c900000| Complete 
| 168|0x000000070ca00000, 0x000000070cb00000, 0x000000070cb00000|100%| E|CS|TAMS 0x000000070ca00000, 0x000000070ca00000| Complete 
| 169|0x000000070cb00000, 0x000000070cc00000, 0x000000070cc00000|100%| E|CS|TAMS 0x000000070cb00000, 0x000000070cb00000| Complete 
| 170|0x000000070cc00000, 0x000000070cd00000, 0x000000070cd00000|100%| E|CS|TAMS 0x000000070cc00000, 0x000000070cc00000| Complete 
| 171|0x000000070cd00000, 0x000000070ce00000, 0x000000070ce00000|100%| E|CS|TAMS 0x000000070cd00000, 0x000000070cd00000| Complete 
| 172|0x000000070ce00000, 0x000000070cf00000, 0x000000070cf00000|100%| E|CS|TAMS 0x000000070ce00000, 0x000000070ce00000| Complete 
| 173|0x000000070cf00000, 0x000000070d000000, 0x000000070d000000|100%| E|CS|TAMS 0x000000070cf00000, 0x000000070cf00000| Complete 
| 174|0x000000070d000000, 0x000000070d100000, 0x000000070d100000|100%| E|CS|TAMS 0x000000070d000000, 0x000000070d000000| Complete 
| 175|0x000000070d100000, 0x000000070d200000, 0x000000070d200000|100%| E|CS|TAMS 0x000000070d100000, 0x000000070d100000| Complete 
| 176|0x000000070d200000, 0x000000070d300000, 0x000000070d300000|100%| E|CS|TAMS 0x000000070d200000, 0x000000070d200000| Complete 
| 177|0x000000070d300000, 0x000000070d400000, 0x000000070d400000|100%| E|CS|TAMS 0x000000070d300000, 0x000000070d300000| Complete 
| 178|0x000000070d400000, 0x000000070d500000, 0x000000070d500000|100%| E|CS|TAMS 0x000000070d400000, 0x000000070d400000| Complete 
| 179|0x000000070d500000, 0x000000070d600000, 0x000000070d600000|100%| E|CS|TAMS 0x000000070d500000, 0x000000070d500000| Complete 
| 180|0x000000070d600000, 0x000000070d700000, 0x000000070d700000|100%| E|CS|TAMS 0x000000070d600000, 0x000000070d600000| Complete 
| 181|0x000000070d700000, 0x000000070d800000, 0x000000070d800000|100%| E|CS|TAMS 0x000000070d700000, 0x000000070d700000| Complete 
| 182|0x000000070d800000, 0x000000070d900000, 0x000000070d900000|100%| E|CS|TAMS 0x000000070d800000, 0x000000070d800000| Complete 
| 183|0x000000070d900000, 0x000000070da00000, 0x000000070da00000|100%| E|CS|TAMS 0x000000070d900000, 0x000000070d900000| Complete 
| 184|0x000000070da00000, 0x000000070db00000, 0x000000070db00000|100%| E|CS|TAMS 0x000000070da00000, 0x000000070da00000| Complete 
| 185|0x000000070db00000, 0x000000070dc00000, 0x000000070dc00000|100%| E|CS|TAMS 0x000000070db00000, 0x000000070db00000| Complete 
| 186|0x000000070dc00000, 0x000000070dd00000, 0x000000070dd00000|100%| E|CS|TAMS 0x000000070dc00000, 0x000000070dc00000| Complete 
| 187|0x000000070dd00000, 0x000000070de00000, 0x000000070de00000|100%| E|CS|TAMS 0x000000070dd00000, 0x000000070dd00000| Complete 
| 188|0x000000070de00000, 0x000000070df00000, 0x000000070df00000|100%| E|CS|TAMS 0x000000070de00000, 0x000000070de00000| Complete 
| 189|0x000000070df00000, 0x000000070e000000, 0x000000070e000000|100%| E|CS|TAMS 0x000000070df00000, 0x000000070df00000| Complete 
| 190|0x000000070e000000, 0x000000070e100000, 0x000000070e100000|100%| E|CS|TAMS 0x000000070e000000, 0x000000070e000000| Complete 
| 191|0x000000070e100000, 0x000000070e200000, 0x000000070e200000|100%| E|CS|TAMS 0x000000070e100000, 0x000000070e100000| Complete 
| 192|0x000000070e200000, 0x000000070e300000, 0x000000070e300000|100%| E|CS|TAMS 0x000000070e200000, 0x000000070e200000| Complete 
| 193|0x000000070e300000, 0x000000070e400000, 0x000000070e400000|100%| E|CS|TAMS 0x000000070e300000, 0x000000070e300000| Complete 
| 194|0x000000070e400000, 0x000000070e500000, 0x000000070e500000|100%| E|CS|TAMS 0x000000070e400000, 0x000000070e400000| Complete 
| 195|0x000000070e500000, 0x000000070e600000, 0x000000070e600000|100%| E|CS|TAMS 0x000000070e500000, 0x000000070e500000| Complete 
| 196|0x000000070e600000, 0x000000070e700000, 0x000000070e700000|100%| E|CS|TAMS 0x000000070e600000, 0x000000070e600000| Complete 
| 197|0x000000070e700000, 0x000000070e800000, 0x000000070e800000|100%| E|CS|TAMS 0x000000070e700000, 0x000000070e700000| Complete 
| 198|0x000000070e800000, 0x000000070e900000, 0x000000070e900000|100%| E|CS|TAMS 0x000000070e800000, 0x000000070e800000| Complete 
| 199|0x000000070e900000, 0x000000070ea00000, 0x000000070ea00000|100%| E|CS|TAMS 0x000000070e900000, 0x000000070e900000| Complete 
| 200|0x000000070ea00000, 0x000000070eb00000, 0x000000070eb00000|100%| E|CS|TAMS 0x000000070ea00000, 0x000000070ea00000| Complete 
| 201|0x000000070eb00000, 0x000000070ec00000, 0x000000070ec00000|100%| E|CS|TAMS 0x000000070eb00000, 0x000000070eb00000| Complete 
| 202|0x000000070ec00000, 0x000000070ed00000, 0x000000070ed00000|100%| E|CS|TAMS 0x000000070ec00000, 0x000000070ec00000| Complete 
| 203|0x000000070ed00000, 0x000000070ee00000, 0x000000070ee00000|100%| E|CS|TAMS 0x000000070ed00000, 0x000000070ed00000| Complete 
| 204|0x000000070ee00000, 0x000000070ef00000, 0x000000070ef00000|100%| E|CS|TAMS 0x000000070ee00000, 0x000000070ee00000| Complete 
| 205|0x000000070ef00000, 0x000000070f000000, 0x000000070f000000|100%| E|CS|TAMS 0x000000070ef00000, 0x000000070ef00000| Complete 
| 206|0x000000070f000000, 0x000000070f100000, 0x000000070f100000|100%| E|CS|TAMS 0x000000070f000000, 0x000000070f000000| Complete 
| 207|0x000000070f100000, 0x000000070f200000, 0x000000070f200000|100%| E|CS|TAMS 0x000000070f100000, 0x000000070f100000| Complete 
| 208|0x000000070f200000, 0x000000070f300000, 0x000000070f300000|100%| E|CS|TAMS 0x000000070f200000, 0x000000070f200000| Complete 
| 209|0x000000070f300000, 0x000000070f400000, 0x000000070f400000|100%| E|CS|TAMS 0x000000070f300000, 0x000000070f300000| Complete 
| 210|0x000000070f400000, 0x000000070f500000, 0x000000070f500000|100%| E|CS|TAMS 0x000000070f400000, 0x000000070f400000| Complete 
| 211|0x000000070f500000, 0x000000070f600000, 0x000000070f600000|100%| E|CS|TAMS 0x000000070f500000, 0x000000070f500000| Complete 
| 212|0x000000070f600000, 0x000000070f700000, 0x000000070f700000|100%| E|CS|TAMS 0x000000070f600000, 0x000000070f600000| Complete 
| 213|0x000000070f700000, 0x000000070f800000, 0x000000070f800000|100%| E|CS|TAMS 0x000000070f700000, 0x000000070f700000| Complete 
| 214|0x000000070f800000, 0x000000070f900000, 0x000000070f900000|100%| E|CS|TAMS 0x000000070f800000, 0x000000070f800000| Complete 
| 215|0x000000070f900000, 0x000000070fa00000, 0x000000070fa00000|100%| E|CS|TAMS 0x000000070f900000, 0x000000070f900000| Complete 
| 216|0x000000070fa00000, 0x000000070fb00000, 0x000000070fb00000|100%| E|CS|TAMS 0x000000070fa00000, 0x000000070fa00000| Complete 
| 217|0x000000070fb00000, 0x000000070fc00000, 0x000000070fc00000|100%| E|CS|TAMS 0x000000070fb00000, 0x000000070fb00000| Complete 
| 218|0x000000070fc00000, 0x000000070fd00000, 0x000000070fd00000|100%| E|CS|TAMS 0x000000070fc00000, 0x000000070fc00000| Complete 
| 219|0x000000070fd00000, 0x000000070fe00000, 0x000000070fe00000|100%| E|CS|TAMS 0x000000070fd00000, 0x000000070fd00000| Complete 
| 220|0x000000070fe00000, 0x000000070ff00000, 0x000000070ff00000|100%| E|CS|TAMS 0x000000070fe00000, 0x000000070fe00000| Complete 
| 221|0x000000070ff00000, 0x0000000710000000, 0x0000000710000000|100%| E|CS|TAMS 0x000000070ff00000, 0x000000070ff00000| Complete 
| 222|0x0000000710000000, 0x0000000710100000, 0x0000000710100000|100%| E|CS|TAMS 0x0000000710000000, 0x0000000710000000| Complete 
| 223|0x0000000710100000, 0x0000000710200000, 0x0000000710200000|100%| E|CS|TAMS 0x0000000710100000, 0x0000000710100000| Complete 
| 224|0x0000000710200000, 0x0000000710300000, 0x0000000710300000|100%| E|CS|TAMS 0x0000000710200000, 0x0000000710200000| Complete 
| 225|0x0000000710300000, 0x0000000710400000, 0x0000000710400000|100%| E|CS|TAMS 0x0000000710300000, 0x0000000710300000| Complete 
| 226|0x0000000710400000, 0x0000000710500000, 0x0000000710500000|100%| E|CS|TAMS 0x0000000710400000, 0x0000000710400000| Complete 
| 227|0x0000000710500000, 0x0000000710600000, 0x0000000710600000|100%| E|CS|TAMS 0x0000000710500000, 0x0000000710500000| Complete 
| 228|0x0000000710600000, 0x0000000710700000, 0x0000000710700000|100%| E|CS|TAMS 0x0000000710600000, 0x0000000710600000| Complete 
| 229|0x0000000710700000, 0x0000000710800000, 0x0000000710800000|100%| E|CS|TAMS 0x0000000710700000, 0x0000000710700000| Complete 
| 230|0x0000000710800000, 0x0000000710900000, 0x0000000710900000|100%| E|CS|TAMS 0x0000000710800000, 0x0000000710800000| Complete 
| 231|0x0000000710900000, 0x0000000710a00000, 0x0000000710a00000|100%| E|CS|TAMS 0x0000000710900000, 0x0000000710900000| Complete 
| 232|0x0000000710a00000, 0x0000000710b00000, 0x0000000710b00000|100%| E|CS|TAMS 0x0000000710a00000, 0x0000000710a00000| Complete 
| 233|0x0000000710b00000, 0x0000000710c00000, 0x0000000710c00000|100%| E|CS|TAMS 0x0000000710b00000, 0x0000000710b00000| Complete 
| 234|0x0000000710c00000, 0x0000000710d00000, 0x0000000710d00000|100%| E|CS|TAMS 0x0000000710c00000, 0x0000000710c00000| Complete 
| 235|0x0000000710d00000, 0x0000000710e00000, 0x0000000710e00000|100%| E|CS|TAMS 0x0000000710d00000, 0x0000000710d00000| Complete 
| 236|0x0000000710e00000, 0x0000000710f00000, 0x0000000710f00000|100%| E|CS|TAMS 0x0000000710e00000, 0x0000000710e00000| Complete 
| 237|0x0000000710f00000, 0x0000000711000000, 0x0000000711000000|100%| E|CS|TAMS 0x0000000710f00000, 0x0000000710f00000| Complete 
| 238|0x0000000711000000, 0x0000000711100000, 0x0000000711100000|100%| E|CS|TAMS 0x0000000711000000, 0x0000000711000000| Complete 
| 239|0x0000000711100000, 0x0000000711200000, 0x0000000711200000|100%| E|CS|TAMS 0x0000000711100000, 0x0000000711100000| Complete 
| 240|0x0000000711200000, 0x0000000711300000, 0x0000000711300000|100%| S|CS|TAMS 0x0000000711200000, 0x0000000711200000| Complete 
| 241|0x0000000711300000, 0x0000000711400000, 0x0000000711400000|100%| S|CS|TAMS 0x0000000711300000, 0x0000000711300000| Complete 
| 242|0x0000000711400000, 0x0000000711500000, 0x0000000711500000|100%| S|CS|TAMS 0x0000000711400000, 0x0000000711400000| Complete 
| 243|0x0000000711500000, 0x0000000711600000, 0x0000000711600000|100%| S|CS|TAMS 0x0000000711500000, 0x0000000711500000| Complete 
| 244|0x0000000711600000, 0x0000000711700000, 0x0000000711700000|100%| S|CS|TAMS 0x0000000711600000, 0x0000000711600000| Complete 
| 245|0x0000000711700000, 0x0000000711800000, 0x0000000711800000|100%| S|CS|TAMS 0x0000000711700000, 0x0000000711700000| Complete 
| 246|0x0000000711800000, 0x0000000711900000, 0x0000000711900000|100%| S|CS|TAMS 0x0000000711800000, 0x0000000711800000| Complete 
| 247|0x0000000711900000, 0x0000000711a00000, 0x0000000711a00000|100%| S|CS|TAMS 0x0000000711900000, 0x0000000711900000| Complete 
| 248|0x0000000711a00000, 0x0000000711b00000, 0x0000000711b00000|100%| S|CS|TAMS 0x0000000711a00000, 0x0000000711a00000| Complete 
| 249|0x0000000711b00000, 0x0000000711c00000, 0x0000000711c00000|100%| E|CS|TAMS 0x0000000711b00000, 0x0000000711b00000| Complete 
| 250|0x0000000711c00000, 0x0000000711d00000, 0x0000000711d00000|100%| E|CS|TAMS 0x0000000711c00000, 0x0000000711c00000| Complete 
| 251|0x0000000711d00000, 0x0000000711e00000, 0x0000000711e00000|100%| E|CS|TAMS 0x0000000711d00000, 0x0000000711d00000| Complete 
| 252|0x0000000711e00000, 0x0000000711f00000, 0x0000000711f00000|100%| E|CS|TAMS 0x0000000711e00000, 0x0000000711e00000| Complete 
| 253|0x0000000711f00000, 0x0000000712000000, 0x0000000712000000|100%| E|CS|TAMS 0x0000000711f00000, 0x0000000711f00000| Complete 

Card table byte_map: [0x00000181cc900000,0x00000181cd0f0000] _byte_map_base: 0x00000181c90ef000

Marking Bits (Prev, Next): (CMBitMap*) 0x00000181b27c26b0, (CMBitMap*) 0x00000181b27c2678
 Prev Bits: [0x00000181d1860000, 0x00000181d57d8000)
 Next Bits: [0x00000181cd8e0000, 0x00000181d1858000)

Polling page: 0x00000181b2820000

Metaspace:

Usage:
  Non-class:     69.17 MB capacity,    67.98 MB ( 98%) used,   900.73 KB (  1%) free+waste,   320.13 KB ( <1%) overhead. 
      Class:     11.72 MB capacity,    10.45 MB ( 89%) used,     1.10 MB (  9%) free+waste,   174.44 KB (  1%) overhead. 
       Both:     80.89 MB capacity,    78.43 MB ( 97%) used,     1.97 MB (  2%) free+waste,   494.56 KB ( <1%) overhead. 

Virtual space:
  Non-class space:       70.00 MB reserved,      69.25 MB ( 99%) committed 
      Class space:        1.00 GB reserved,      11.75 MB (  1%) committed 
             Both:        1.07 GB reserved,      81.00 MB (  7%) committed 

Chunk freelists:
   Non-Class:  14.00 KB
       Class:  0 bytes
        Both:  14.00 KB

MaxMetaspaceSize: 17179869184.00 GB
CompressedClassSpaceSize: 1.00 GB
Initial GC threshold: 20.80 MB
Current GC threshold: 98.34 MB
CDS: off

CodeHeap 'non-profiled nmethods': size=120000Kb used=2810Kb max_used=2810Kb free=117189Kb
 bounds [0x00000181c4150000, 0x00000181c4410000, 0x00000181cb680000]
CodeHeap 'profiled nmethods': size=120000Kb used=10657Kb max_used=10657Kb free=109342Kb
 bounds [0x00000181bcc20000, 0x00000181bd690000, 0x00000181c4150000]
CodeHeap 'non-nmethods': size=5760Kb used=1361Kb max_used=1412Kb free=4398Kb
 bounds [0x00000181bc680000, 0x00000181bc8f0000, 0x00000181bcc20000]
 total_blobs=5899 nmethods=5230 adapters=580
 compilation: enabled
              stopped_count=0, restarted_count=0
 full_count=0

Compilation events (20 events):
Event: 9.217 Thread 0x00000181d8c7a000 nmethod 5078 0x00000181bd5f5c90 code [0x00000181bd5f5e40, 0x00000181bd5f5ff8]
Event: 9.217 Thread 0x00000181d8c7a000 5079       3       sun.reflect.generics.visitor.Reifier::getResult (26 bytes)
Event: 9.217 Thread 0x00000181d8c7a000 nmethod 5079 0x00000181bd5f6090 code [0x00000181bd5f6240, 0x00000181bd5f6358]
Event: 9.218 Thread 0x00000181d8c7e000 nmethod 5057 0x00000181c4405a10 code [0x00000181c4405ca0, 0x00000181c4407d00]
Event: 9.219 Thread 0x00000181d8c7e000 5058       4       java.lang.CharacterDataLatin1::isWhitespace (23 bytes)
Event: 9.219 Thread 0x00000181d8c7e000 nmethod 5058 0x00000181c4408810 code [0x00000181c44089a0, 0x00000181c4408a38]
Event: 9.219 Thread 0x00000181d8c7e000 5072       4       jdk.internal.org.objectweb.asm.MethodWriter::visitMethodInsn (228 bytes)
Event: 9.221 Thread 0x00000181d8c7a000 5080       3       com.fasterxml.jackson.module.paranamer.shaded.BytecodeReadingParanamer$ClassReader::readUnsignedShort (26 bytes)
Event: 9.221 Thread 0x00000181d8c7a000 nmethod 5080 0x00000181bd5f6410 code [0x00000181bd5f65c0, 0x00000181bd5f6738]
Event: 9.231 Thread 0x00000181d8c7a000 5082   !   3       jdk.internal.loader.BuiltinClassLoader::loadClassOrNull (143 bytes)
Event: 9.235 Thread 0x00000181d8c7a000 nmethod 5082 0x00000181bd5f6810 code [0x00000181bd5f6b80, 0x00000181bd5f84c8]
Event: 9.290 Thread 0x00000181d8c7a000 5083       3       java.lang.reflect.Executable::equalParamTypes (36 bytes)
Event: 9.290 Thread 0x00000181d8c7a000 nmethod 5083 0x00000181bd5f8e90 code [0x00000181bd5f9060, 0x00000181bd5f92f8]
Event: 9.290 Thread 0x00000181d8c7a000 5084       3       java.net.URL::openConnection (9 bytes)
Event: 9.291 Thread 0x00000181d8c7a000 nmethod 5084 0x00000181bd5f9410 code [0x00000181bd5f95c0, 0x00000181bd5f9788]
Event: 9.291 Thread 0x00000181d8c7a000 5085       3       java.net.URLConnection::<init> (62 bytes)
Event: 9.291 Thread 0x00000181d8c7a000 nmethod 5085 0x00000181bd5f9890 code [0x00000181bd5f9ac0, 0x00000181bd5fa228]
Event: 9.293 Thread 0x00000181d8c7a000 5087       3       com.fasterxml.jackson.module.paranamer.shaded.BytecodeReadingParanamer$ClassReader::readUTF (194 bytes)
Event: 9.293 Thread 0x00000181d8c7a000 nmethod 5087 0x00000181bd5fa490 code [0x00000181bd5fa6a0, 0x00000181bd5facb8]
Event: 9.305 Thread 0x00000181d8c7a000 5088   !   2       java.lang.ClassLoader::checkCerts (195 bytes)

GC Heap History (14 events):
Event: 1.061 GC heap before
{Heap before GC invocations=0 (full 0):
 garbage-first heap   total 260096K, used 24576K [0x0000000702200000, 0x0000000800000000)
  region size 1024K, 24 young (24576K), 0 survivors (0K)
 Metaspace       used 11266K, capacity 11388K, committed 11648K, reserved 1058816K
  class space    used 1275K, capacity 1324K, committed 1408K, reserved 1048576K
}
Event: 1.067 GC heap after
{Heap after GC invocations=1 (full 0):
 garbage-first heap   total 260096K, used 12519K [0x0000000702200000, 0x0000000800000000)
  region size 1024K, 3 young (3072K), 3 survivors (3072K)
 Metaspace       used 11266K, capacity 11388K, committed 11648K, reserved 1058816K
  class space    used 1275K, capacity 1324K, committed 1408K, reserved 1048576K
}
Event: 1.930 GC heap before
{Heap before GC invocations=1 (full 0):
 garbage-first heap   total 260096K, used 34023K [0x0000000702200000, 0x0000000800000000)
  region size 1024K, 24 young (24576K), 3 survivors (3072K)
 Metaspace       used 20099K, capacity 20457K, committed 20608K, reserved 1067008K
  class space    used 2480K, capacity 2641K, committed 2688K, reserved 1048576K
}
Event: 1.934 GC heap after
{Heap after GC invocations=2 (full 0):
 garbage-first heap   total 260096K, used 14581K [0x0000000702200000, 0x0000000800000000)
  region size 1024K, 2 young (2048K), 2 survivors (2048K)
 Metaspace       used 20099K, capacity 20457K, committed 20608K, reserved 1067008K
  class space    used 2480K, capacity 2641K, committed 2688K, reserved 1048576K
}
Event: 1.976 GC heap before
{Heap before GC invocations=2 (full 0):
 garbage-first heap   total 260096K, used 16629K [0x0000000702200000, 0x0000000800000000)
  region size 1024K, 5 young (5120K), 2 survivors (2048K)
 Metaspace       used 20756K, capacity 21181K, committed 21248K, reserved 1067008K
  class space    used 2565K, capacity 2777K, committed 2816K, reserved 1048576K
}
Event: 1.981 GC heap after
{Heap after GC invocations=3 (full 0):
 garbage-first heap   total 260096K, used 14754K [0x0000000702200000, 0x0000000800000000)
  region size 1024K, 3 young (3072K), 3 survivors (3072K)
 Metaspace       used 20756K, capacity 21181K, committed 21248K, reserved 1067008K
  class space    used 2565K, capacity 2777K, committed 2816K, reserved 1048576K
}
Event: 4.227 GC heap before
{Heap before GC invocations=4 (full 0):
 garbage-first heap   total 260096K, used 61858K [0x0000000702200000, 0x0000000800000000)
  region size 1024K, 49 young (50176K), 3 survivors (3072K)
 Metaspace       used 29424K, capacity 30143K, committed 30336K, reserved 1075200K
  class space    used 3787K, capacity 4135K, committed 4224K, reserved 1048576K
}
Event: 4.232 GC heap after
{Heap after GC invocations=5 (full 0):
 garbage-first heap   total 260096K, used 16591K [0x0000000702200000, 0x0000000800000000)
  region size 1024K, 4 young (4096K), 4 survivors (4096K)
 Metaspace       used 29424K, capacity 30143K, committed 30336K, reserved 1075200K
  class space    used 3787K, capacity 4135K, committed 4224K, reserved 1048576K
}
Event: 4.759 GC heap before
{Heap before GC invocations=5 (full 0):
 garbage-first heap   total 260096K, used 42191K [0x0000000702200000, 0x0000000800000000)
  region size 1024K, 30 young (30720K), 4 survivors (4096K)
 Metaspace       used 34845K, capacity 35746K, committed 35840K, reserved 1079296K
  class space    used 4589K, capacity 5049K, committed 5120K, reserved 1048576K
}
Event: 4.765 GC heap after
{Heap after GC invocations=6 (full 0):
 garbage-first heap   total 260096K, used 17986K [0x0000000702200000, 0x0000000800000000)
  region size 1024K, 6 young (6144K), 6 survivors (6144K)
 Metaspace       used 34845K, capacity 35746K, committed 35840K, reserved 1079296K
  class space    used 4589K, capacity 5049K, committed 5120K, reserved 1048576K
}
Event: 6.721 GC heap before
{Heap before GC invocations=7 (full 0):
 garbage-first heap   total 260096K, used 137794K [0x0000000702200000, 0x0000000800000000)
  region size 1024K, 124 young (126976K), 6 survivors (6144K)
 Metaspace       used 57168K, capacity 58637K, committed 59008K, reserved 1099776K
  class space    used 7205K, capacity 7946K, committed 8064K, reserved 1048576K
}
Event: 6.730 GC heap after
{Heap after GC invocations=8 (full 0):
 garbage-first heap   total 260096K, used 22318K [0x0000000702200000, 0x0000000800000000)
  region size 1024K, 10 young (10240K), 10 survivors (10240K)
 Metaspace       used 57168K, capacity 58637K, committed 59008K, reserved 1099776K
  class space    used 7205K, capacity 7946K, committed 8064K, reserved 1048576K
}
Event: 6.778 GC heap before
{Heap before GC invocations=8 (full 0):
 garbage-first heap   total 260096K, used 26414K [0x0000000702200000, 0x0000000800000000)
  region size 1024K, 15 young (15360K), 10 survivors (10240K)
 Metaspace       used 58553K, capacity 59981K, committed 60160K, reserved 1101824K
  class space    used 7318K, capacity 8074K, committed 8192K, reserved 1048576K
}
Event: 6.787 GC heap after
{Heap after GC invocations=9 (full 0):
 garbage-first heap   total 260096K, used 21870K [0x0000000702200000, 0x0000000800000000)
  region size 1024K, 9 young (9216K), 9 survivors (9216K)
 Metaspace       used 58553K, capacity 59981K, committed 60160K, reserved 1101824K
  class space    used 7318K, capacity 8074K, committed 8192K, reserved 1048576K
}

Deoptimization events (20 events):
Event: 9.067 Thread 0x00000181b275f800 DEOPT PACKING pc=0x00000181c438f630 sp=0x00000028e79fd7b0
Event: 9.067 Thread 0x00000181b275f800 DEOPT UNPACKING pc=0x00000181bc6ca1af sp=0x00000028e79fd6b0 mode 2
Event: 9.068 Thread 0x00000181b275f800 Uncommon trap: trap_request=0xffffffde fr.pc=0x00000181c43c5da0 relative=0x0000000000000c60
Event: 9.068 Thread 0x00000181b275f800 Uncommon trap: reason=class_check action=maybe_recompile pc=0x00000181c43c5da0 method=scala.collection.mutable.ArrayBuffer.$plus$plus$eq(Lscala/collection/TraversableOnce;)Lscala/collection/mutable/ArrayBuffer; @ 8 c2
Event: 9.068 Thread 0x00000181b275f800 DEOPT PACKING pc=0x00000181c43c5da0 sp=0x00000028e79fd710
Event: 9.068 Thread 0x00000181b275f800 DEOPT UNPACKING pc=0x00000181bc6ca1af sp=0x00000028e79fd6d8 mode 2
Event: 9.183 Thread 0x00000181b275f800 Uncommon trap: trap_request=0xffffffc6 fr.pc=0x00000181c43ae1c8 relative=0x00000000000002c8
Event: 9.183 Thread 0x00000181b275f800 Uncommon trap: reason=bimorphic_or_optimized_type_check action=maybe_recompile pc=0x00000181c43ae1c8 method=scala.collection.TraversableLike.to(Lscala/collection/generic/CanBuildFrom;)Ljava/lang/Object; @ 1 c2
Event: 9.183 Thread 0x00000181b275f800 DEOPT PACKING pc=0x00000181c43ae1c8 sp=0x00000028e79fd060
Event: 9.183 Thread 0x00000181b275f800 DEOPT UNPACKING pc=0x00000181bc6ca1af sp=0x00000028e79fcf58 mode 2
Event: 9.192 Thread 0x00000181b275f800 Uncommon trap: trap_request=0xffffffc6 fr.pc=0x00000181c43ae1c8 relative=0x00000000000002c8
Event: 9.192 Thread 0x00000181b275f800 Uncommon trap: reason=bimorphic_or_optimized_type_check action=maybe_recompile pc=0x00000181c43ae1c8 method=scala.collection.TraversableLike.to(Lscala/collection/generic/CanBuildFrom;)Ljava/lang/Object; @ 1 c2
Event: 9.192 Thread 0x00000181b275f800 DEOPT PACKING pc=0x00000181c43ae1c8 sp=0x00000028e79fd060
Event: 9.192 Thread 0x00000181b275f800 DEOPT UNPACKING pc=0x00000181bc6ca1af sp=0x00000028e79fcf58 mode 2
Event: 9.192 Thread 0x00000181b275f800 Uncommon trap: trap_request=0xffffffc6 fr.pc=0x00000181c43ae1c8 relative=0x00000000000002c8
Event: 9.192 Thread 0x00000181b275f800 Uncommon trap: reason=bimorphic_or_optimized_type_check action=maybe_recompile pc=0x00000181c43ae1c8 method=scala.collection.TraversableLike.to(Lscala/collection/generic/CanBuildFrom;)Ljava/lang/Object; @ 1 c2
Event: 9.192 Thread 0x00000181b275f800 DEOPT PACKING pc=0x00000181c43ae1c8 sp=0x00000028e79fd060
Event: 9.192 Thread 0x00000181b275f800 DEOPT UNPACKING pc=0x00000181bc6ca1af sp=0x00000028e79fcf58 mode 2
Event: 9.207 Thread 0x00000181b275f800 DEOPT PACKING pc=0x00000181bd28fa24 sp=0x00000028e79fcc90
Event: 9.207 Thread 0x00000181b275f800 DEOPT UNPACKING pc=0x00000181bc6ca95e sp=0x00000028e79fc1a8 mode 0

Classes redefined (0 events):
No events

Internal exceptions (20 events):
Event: 7.576 Thread 0x00000181b275f800 Exception <a 'java/lang/ClassNotFoundException'{0x000000070f2eea08}: scala/reflect/ScalaLongSignature> (0x000000070f2eea08) thrown at [c:\cygwin64\tmp\ojdkbuild\lookaside\java-11-openjdk\src\hotspot\share\classfile\systemDictionary.cpp, line 230]
Event: 7.578 Thread 0x00000181b275f800 Exception <a 'java/lang/ClassNotFoundException'{0x000000070f2f10d0}: scala/reflect/ScalaSignature> (0x000000070f2f10d0) thrown at [c:\cygwin64\tmp\ojdkbuild\lookaside\java-11-openjdk\src\hotspot\share\classfile\systemDictionary.cpp, line 230]
Event: 7.579 Thread 0x00000181b275f800 Exception <a 'java/lang/ClassNotFoundException'{0x000000070f2f1c10}: scala/reflect/ScalaLongSignature> (0x000000070f2f1c10) thrown at [c:\cygwin64\tmp\ojdkbuild\lookaside\java-11-openjdk\src\hotspot\share\classfile\systemDictionary.cpp, line 230]
Event: 7.581 Thread 0x00000181b275f800 Exception <a 'java/lang/ClassNotFoundException'{0x000000070f2f6788}: scala/reflect/ScalaSignature> (0x000000070f2f6788) thrown at [c:\cygwin64\tmp\ojdkbuild\lookaside\java-11-openjdk\src\hotspot\share\classfile\systemDictionary.cpp, line 230]
Event: 7.581 Thread 0x00000181b275f800 Exception <a 'java/lang/ClassNotFoundException'{0x000000070f2f72c8}: scala/reflect/ScalaLongSignature> (0x000000070f2f72c8) thrown at [c:\cygwin64\tmp\ojdkbuild\lookaside\java-11-openjdk\src\hotspot\share\classfile\systemDictionary.cpp, line 230]
Event: 7.614 Thread 0x00000181b275f800 Exception <a 'java/lang/ClassNotFoundException'{0x000000070f08b658}: java/rmi> (0x000000070f08b658) thrown at [c:\cygwin64\tmp\ojdkbuild\lookaside\java-11-openjdk\src\hotspot\share\classfile\systemDictionary.cpp, line 230]
Event: 7.614 Thread 0x00000181b275f800 Exception <a 'java/lang/ClassNotFoundException'{0x000000070f08c918}: java/rmi/package> (0x000000070f08c918) thrown at [c:\cygwin64\tmp\ojdkbuild\lookaside\java-11-openjdk\src\hotspot\share\classfile\systemDictionary.cpp, line 230]
Event: 7.626 Thread 0x00000181b275f800 Exception <a 'java/lang/ClassNotFoundException'{0x000000070ef01498}: scala/reflect/ScalaSignature> (0x000000070ef01498) thrown at [c:\cygwin64\tmp\ojdkbuild\lookaside\java-11-openjdk\src\hotspot\share\classfile\systemDictionary.cpp, line 230]
Event: 7.626 Thread 0x00000181b275f800 Exception <a 'java/lang/ClassNotFoundException'{0x000000070ef01d30}: scala/reflect/ScalaLongSignature> (0x000000070ef01d30) thrown at [c:\cygwin64\tmp\ojdkbuild\lookaside\java-11-openjdk\src\hotspot\share\classfile\systemDictionary.cpp, line 230]
Event: 7.634 Thread 0x00000181b275f800 Exception <a 'java/lang/ClassNotFoundException'{0x000000070ef3d638}: java/lang/ref> (0x000000070ef3d638) thrown at [c:\cygwin64\tmp\ojdkbuild\lookaside\java-11-openjdk\src\hotspot\share\classfile\systemDictionary.cpp, line 230]
Event: 7.635 Thread 0x00000181b275f800 Exception <a 'java/lang/ClassNotFoundException'{0x000000070ef3e7c0}: java/lang/ref/package> (0x000000070ef3e7c0) thrown at [c:\cygwin64\tmp\ojdkbuild\lookaside\java-11-openjdk\src\hotspot\share\classfile\systemDictionary.cpp, line 230]
Event: 7.763 Thread 0x00000181b275f800 Exception <a 'java/lang/ClassNotFoundException'{0x000000070e818da8}: java/lang/invoke> (0x000000070e818da8) thrown at [c:\cygwin64\tmp\ojdkbuild\lookaside\java-11-openjdk\src\hotspot\share\classfile\systemDictionary.cpp, line 230]
Event: 7.763 Thread 0x00000181b275f800 Exception <a 'java/lang/ClassNotFoundException'{0x000000070e819f30}: java/lang/invoke/package> (0x000000070e819f30) thrown at [c:\cygwin64\tmp\ojdkbuild\lookaside\java-11-openjdk\src\hotspot\share\classfile\systemDictionary.cpp, line 230]
Event: 7.873 Thread 0x00000181b275f800 Exception <a 'java/lang/ClassNotFoundException'{0x000000070e543e80}: java/lang/annotation> (0x000000070e543e80) thrown at [c:\cygwin64\tmp\ojdkbuild\lookaside\java-11-openjdk\src\hotspot\share\classfile\systemDictionary.cpp, line 230]
Event: 7.873 Thread 0x00000181b275f800 Exception <a 'java/lang/ClassNotFoundException'{0x000000070e544f98}: java/lang/annotation/package> (0x000000070e544f98) thrown at [c:\cygwin64\tmp\ojdkbuild\lookaside\java-11-openjdk\src\hotspot\share\classfile\systemDictionary.cpp, line 230]
Event: 8.581 Thread 0x00000181b275f800 Exception <a 'java/lang/NoSuchMethodError'{0x000000070c3a63f0}: 'java.lang.Object java.lang.invoke.DirectMethodHandle$Holder.invokeStatic(java.lang.Object, int, java.lang.Object, java.lang.Object)'> (0x000000070c3a63f0) thrown at [c:\cygwin64\tmp\ojdkbuild\lookaside\java-11-openjdk\src\hotspot\share\interpreter\linkResolver.cpp, line 773]
Event: 8.747 Thread 0x00000181b275f800 Implicit null exception at 0x00000181c41d7afe to 0x00000181c41d874c
Event: 8.747 Thread 0x00000181b275f800 Implicit null exception at 0x00000181c42c04af to 0x00000181c42c0529
Event: 8.797 Thread 0x00000181b275f800 Exception <a 'java/lang/NoSuchMethodError'{0x000000070bb38e20}: 'java.lang.Object java.lang.invoke.DirectMethodHandle$Holder.invokeSpecial(java.lang.Object, java.lang.Object, java.lang.Object, java.lang.Object, java.lang.Object, java.lang.Object, java.lang.Object, java.lang.Object, java.lang.Object)'> (0x000000070bb38e20) thrown at [c:\cygwin64\tmp\ojdkbuild\lookaside\java-11-openjdk\src\hotspot\share\interpreter\linkResolver.cpp, line 773]
Event: 8.797 Thread 0x00000181b275f800 Exception <a 'java/lang/NoSuchMethodError'{0x000000070bb3cd70}: 'java.lang.Object java.lang.invoke.Invokers$Holder.linkToTargetMethod(java.lang.Object, java.lang.Object, java.lang.Object, java.lang.Object, java.lang.Object, java.lang.Object, java.lang.Object, java.lang.Object)'> (0x000000070bb3cd70) thrown at [c:\cygwin64\tmp\ojdkbuild\lookaside\java-11-openjdk\src\hotspot\share\interpreter\linkResolver.cpp, line 773]

Events (20 events):
Event: 9.301 loading class com/fasterxml/jackson/databind/introspect/POJOPropertyBuilder$5
Event: 9.301 loading class com/fasterxml/jackson/databind/introspect/POJOPropertyBuilder$5 done
Event: 9.301 loading class com/fasterxml/jackson/annotation/JsonPropertyDescription
Event: 9.301 loading class com/fasterxml/jackson/annotation/JsonPropertyDescription done
Event: 9.301 loading class com/fasterxml/jackson/databind/introspect/POJOPropertyBuilder$6
Event: 9.301 loading class com/fasterxml/jackson/databind/introspect/POJOPropertyBuilder$6 done
Event: 9.302 loading class com/fasterxml/jackson/databind/introspect/POJOPropertyBuilder$7
Event: 9.302 loading class com/fasterxml/jackson/databind/introspect/POJOPropertyBuilder$7 done
Event: 9.302 loading class com/fasterxml/jackson/databind/PropertyMetadata
Event: 9.302 loading class com/fasterxml/jackson/databind/PropertyMetadata done
Event: 9.303 loading class com/fasterxml/jackson/annotation/JsonTypeInfo
Event: 9.303 loading class com/fasterxml/jackson/annotation/JsonTypeInfo done
Event: 9.303 loading class com/fasterxml/jackson/databind/annotation/JsonTypeResolver
Event: 9.303 loading class com/fasterxml/jackson/databind/annotation/JsonTypeResolver done
Event: 9.303 loading class com/fasterxml/jackson/databind/ser/PropertyBuilder$1
Event: 9.303 loading class com/fasterxml/jackson/databind/ser/PropertyBuilder$1 done
Event: 9.304 loading class com/fasterxml/jackson/databind/ser/impl/UnwrappingBeanPropertyWriter
Event: 9.304 loading class com/fasterxml/jackson/databind/ser/impl/UnwrappingBeanPropertyWriter done
Event: 9.305 loading class com/fasterxml/jackson/annotation/JsonFormat$Value
Event: 9.305 loading class com/fasterxml/jackson/annotation/JsonFormat$Value done


Dynamic libraries:
0x00007ff7a9af0000 - 0x00007ff7a9b52000 	D:\BigDataLocalSetup\java-11\bin\java.exe
0x00007ffcbb170000 - 0x00007ffcbb368000 	C:\Windows\SYSTEM32\ntdll.dll
0x00007ffcbaca0000 - 0x00007ffcbad61000 	C:\Windows\System32\KERNEL32.DLL
0x00007ffcb8920000 - 0x00007ffcb8c1d000 	C:\Windows\System32\KERNELBASE.dll
0x00007ffcb8df0000 - 0x00007ffcb8ef0000 	C:\Windows\System32\ucrtbase.dll
0x00007ffca1820000 - 0x00007ffca1837000 	D:\BigDataLocalSetup\java-11\bin\jli.dll
0x00007ffca17a0000 - 0x00007ffca17b5000 	D:\BigDataLocalSetup\java-11\bin\VCRUNTIME140.dll
0x00007ffcba240000 - 0x00007ffcba3dd000 	C:\Windows\System32\USER32.dll
0x00007ffca0800000 - 0x00007ffca0a9a000 	C:\Windows\WinSxS\amd64_microsoft.windows.common-controls_6595b64144ccf1df_6.0.19041.4355_none_60b8b9eb71f62e16\COMCTL32.dll
0x00007ffcb91a0000 - 0x00007ffcb923e000 	C:\Windows\System32\msvcrt.dll
0x00007ffcb9170000 - 0x00007ffcb9192000 	C:\Windows\System32\win32u.dll
0x00007ffcba210000 - 0x00007ffcba23b000 	C:\Windows\System32\GDI32.dll
0x00007ffcb8c20000 - 0x00007ffcb8d37000 	C:\Windows\System32\gdi32full.dll
0x00007ffcb90a0000 - 0x00007ffcb913d000 	C:\Windows\System32\msvcp_win.dll
0x00007ffcb9640000 - 0x00007ffcb966f000 	C:\Windows\System32\IMM32.DLL
0x00007ffc8c070000 - 0x00007ffc8c10b000 	D:\BigDataLocalSetup\java-11\bin\msvcp140.dll
0x00007ffc5bde0000 - 0x00007ffc5c96e000 	D:\BigDataLocalSetup\java-11\bin\server\jvm.dll
0x00007ffcb9a60000 - 0x00007ffcb9b10000 	C:\Windows\System32\ADVAPI32.dll
0x00007ffcb9c40000 - 0x00007ffcb9ce0000 	C:\Windows\System32\sechost.dll
0x00007ffcb9360000 - 0x00007ffcb9483000 	C:\Windows\System32\RPCRT4.dll
0x00007ffcb9140000 - 0x00007ffcb9167000 	C:\Windows\System32\bcrypt.dll
0x00007ffcba200000 - 0x00007ffcba208000 	C:\Windows\System32\PSAPI.DLL
0x00007ffc9f160000 - 0x00007ffc9f169000 	C:\Windows\SYSTEM32\WSOCK32.dll
0x00007ffca6b30000 - 0x00007ffca6b57000 	C:\Windows\SYSTEM32\WINMM.dll
0x00007ffcafbc0000 - 0x00007ffcafbca000 	C:\Windows\SYSTEM32\VERSION.dll
0x00007ffcb9960000 - 0x00007ffcb99cb000 	C:\Windows\System32\WS2_32.dll
0x00007ffcb7000000 - 0x00007ffcb7012000 	C:\Windows\SYSTEM32\kernel.appcore.dll
0x00007ffca5b70000 - 0x00007ffca5b80000 	D:\BigDataLocalSetup\java-11\bin\verify.dll
0x00007ffcb6d00000 - 0x00007ffcb6ee4000 	C:\Windows\SYSTEM32\DBGHELP.DLL
0x00007ffcae680000 - 0x00007ffcae6b4000 	C:\Windows\SYSTEM32\dbgcore.DLL
0x00007ffcb8890000 - 0x00007ffcb8912000 	C:\Windows\System32\bcryptPrimitives.dll
0x00007ffc9cfe0000 - 0x00007ffc9d008000 	D:\BigDataLocalSetup\java-11\bin\java.dll
0x00007ffca2f30000 - 0x00007ffca2f3a000 	D:\BigDataLocalSetup\java-11\bin\jimage.dll
0x00007ffcb30b0000 - 0x00007ffcb30be000 	D:\BigDataLocalSetup\java-11\bin\instrument.dll
0x00007ffc9cfc0000 - 0x00007ffc9cfd8000 	D:\BigDataLocalSetup\java-11\bin\zip.dll
0x00007ffcba490000 - 0x00007ffcbabff000 	C:\Windows\System32\SHELL32.dll
0x00007ffcb6550000 - 0x00007ffcb6cf3000 	C:\Windows\SYSTEM32\windows.storage.dll
0x00007ffcbadd0000 - 0x00007ffcbb123000 	C:\Windows\System32\combase.dll
0x00007ffcb81e0000 - 0x00007ffcb820e000 	C:\Windows\SYSTEM32\Wldp.dll
0x00007ffcb9b10000 - 0x00007ffcb9bdd000 	C:\Windows\System32\OLEAUT32.dll
0x00007ffcba3e0000 - 0x00007ffcba48d000 	C:\Windows\System32\SHCORE.dll
0x00007ffcb9be0000 - 0x00007ffcb9c35000 	C:\Windows\System32\shlwapi.dll
0x00007ffcb8750000 - 0x00007ffcb8774000 	C:\Windows\SYSTEM32\profapi.dll
0x00007ffc9cfa0000 - 0x00007ffc9cfb9000 	D:\BigDataLocalSetup\java-11\bin\net.dll
0x00007ffcad1b0000 - 0x00007ffcad2bd000 	C:\Windows\SYSTEM32\WINHTTP.dll
0x00007ffcb7ee0000 - 0x00007ffcb7f4a000 	C:\Windows\system32\mswsock.dll
0x00007ffc9cc50000 - 0x00007ffc9cc63000 	D:\BigDataLocalSetup\java-11\bin\nio.dll
0x00007ffcb2b20000 - 0x00007ffcb2b3a000 	C:\Program Files\JetBrains\IntelliJ IDEA Community Edition 2024.1.1\bin\breakgen64.dll
0x00007ffc91840000 - 0x00007ffc91857000 	C:\Windows\system32\napinsp.dll
0x00007ffc917b0000 - 0x00007ffc917cb000 	C:\Windows\system32\pnrpnsp.dll
0x00007ffcb4ed0000 - 0x00007ffcb4ee5000 	C:\Windows\system32\wshbth.dll
0x00007ffcb1ed0000 - 0x00007ffcb1eed000 	C:\Windows\system32\NLAapi.dll
0x00007ffcb7ba0000 - 0x00007ffcb7bdb000 	C:\Windows\SYSTEM32\IPHLPAPI.DLL
0x00007ffcb7be0000 - 0x00007ffcb7caa000 	C:\Windows\SYSTEM32\DNSAPI.dll
0x00007ffcb9550000 - 0x00007ffcb9558000 	C:\Windows\System32\NSI.dll
0x00007ffc91790000 - 0x00007ffc917a2000 	C:\Windows\System32\winrnr.dll
0x00007ffcafdb0000 - 0x00007ffcafdba000 	C:\Windows\System32\rasadhlp.dll
0x00007ffca7c40000 - 0x00007ffca7cc0000 	C:\Windows\System32\fwpuclnt.dll
0x00007ffcb30a0000 - 0x00007ffcb30a9000 	D:\BigDataLocalSetup\java-11\bin\management.dll
0x00007ffcb2b70000 - 0x00007ffcb2b7b000 	D:\BigDataLocalSetup\java-11\bin\management_ext.dll
0x00007ffcb2b10000 - 0x00007ffcb2b1a000 	D:\BigDataLocalSetup\java-11\bin\w2k_lsa_auth.dll
0x00007ffc9efc0000 - 0x00007ffc9efcc000 	C:\Windows\SYSTEM32\Secur32.dll
0x00007ffcb8700000 - 0x00007ffcb8732000 	C:\Windows\SYSTEM32\SSPICLI.DLL
0x00007ffcb17b0000 - 0x00007ffcb17cc000 	D:\BigDataLocalSetup\Hadoop\bin\hadoop.dll
0x00007ffcb74e0000 - 0x00007ffcb752f000 	C:\Windows\SYSTEM32\AUTHZ.dll
0x00007ffc9ede0000 - 0x00007ffc9edf9000 	C:\Windows\SYSTEM32\NETAPI32.dll
0x000000005afd0000 - 0x000000005b0a2000 	C:\Windows\SYSTEM32\MSVCR100.dll
0x00007ffcb7cd0000 - 0x00007ffcb7cdc000 	C:\Windows\SYSTEM32\NETUTILS.DLL
0x00007ffca5b00000 - 0x00007ffca5b19000 	C:\Windows\SYSTEM32\SAMCLI.DLL
0x00007ffcb2ad0000 - 0x00007ffcb2ad9000 	D:\BigDataLocalSetup\java-11\bin\jaas.dll
0x00007ffcb80d0000 - 0x00007ffcb80e8000 	C:\Windows\SYSTEM32\CRYPTSP.dll
0x00007ffcb77c0000 - 0x00007ffcb77f4000 	C:\Windows\system32\rsaenh.dll
0x00007ffcb86d0000 - 0x00007ffcb86fe000 	C:\Windows\SYSTEM32\USERENV.dll
0x00007ffcb80f0000 - 0x00007ffcb80fc000 	C:\Windows\SYSTEM32\CRYPTBASE.dll
0x00007ffcae660000 - 0x00007ffcae677000 	C:\Windows\SYSTEM32\dhcpcsvc6.DLL
0x00007ffcafc80000 - 0x00007ffcafc9d000 	C:\Windows\SYSTEM32\dhcpcsvc.DLL

dbghelp: loaded successfully - version: 4.0.5 - missing functions: none
symbol engine: initialized successfully - sym options: 0x614 - pdb path: .;D:\BigDataLocalSetup\java-11\bin;C:\Windows\SYSTEM32;C:\Windows\WinSxS\amd64_microsoft.windows.common-controls_6595b64144ccf1df_6.0.19041.4355_none_60b8b9eb71f62e16;D:\BigDataLocalSetup\java-11\bin\server;C:\Program Files\JetBrains\IntelliJ IDEA Community Edition 2024.1.1\bin;D:\BigDataLocalSetup\Hadoop\bin

VM Arguments:
jvm_args: -javaagent:C:\Program Files\JetBrains\IntelliJ IDEA Community Edition 2024.1.1\lib\idea_rt.jar=37287:C:\Program Files\JetBrains\IntelliJ IDEA Community Edition 2024.1.1\bin -Dfile.encoding=UTF-8 
java_command: org.scala.datamasking.DataMasking
java_class_path (initial): D:\Google_Drive_Rahul\GitHub\DataMasking\target\classes;C:\Users\rahul\.m2\repository\org\scala-lang\scala-library\2.12.6\scala-library-2.12.6.jar;C:\Users\rahul\.m2\repository\org\apache\spark\spark-core_2.12\2.4.4\spark-core_2.12-2.4.4.jar;C:\Users\rahul\.m2\repository\com\thoughtworks\paranamer\paranamer\2.8\paranamer-2.8.jar;C:\Users\rahul\.m2\repository\org\apache\avro\avro\1.8.2\avro-1.8.2.jar;C:\Users\rahul\.m2\repository\org\codehaus\jackson\jackson-core-asl\1.9.13\jackson-core-asl-1.9.13.jar;C:\Users\rahul\.m2\repository\org\apache\commons\commons-compress\1.8.1\commons-compress-1.8.1.jar;C:\Users\rahul\.m2\repository\org\tukaani\xz\1.5\xz-1.5.jar;C:\Users\rahul\.m2\repository\org\apache\avro\avro-mapred\1.8.2\avro-mapred-1.8.2-hadoop2.jar;C:\Users\rahul\.m2\repository\org\apache\avro\avro-ipc\1.8.2\avro-ipc-1.8.2.jar;C:\Users\rahul\.m2\repository\com\twitter\chill_2.12\0.9.3\chill_2.12-0.9.3.jar;C:\Users\rahul\.m2\repository\com\esotericsoftware\kryo-shaded\4.0.2\kryo-shaded-4.0.2.jar;C:\Users\rahul\.m2\repository\com\esotericsoftware\minlog\1.3.0\minlog-1.3.0.jar;C:\Users\rahul\.m2\repository\org\objenesis\objenesis\2.5.1\objenesis-2.5.1.jar;C:\Users\rahul\.m2\repository\com\twitter\chill-java\0.9.3\chill-java-0.9.3.jar;C:\Users\rahul\.m2\repository\org\apache\xbean\xbean-asm6-shaded\4.8\xbean-asm6-shaded-4.8.jar;C:\Users\rahul\.m2\repository\org\apache\hadoop\hadoop-client\2.6.5\hadoop-client-2.6.5.jar;C:\Users\rahul\.m2\repository\org\apache\hadoop\hadoop-common\2.6.5\hadoop-common-2.6.5.jar;C:\Users\rahul\.m2\repository\xmlenc\xmlenc\0.52\xmlenc-0.52.jar;C:\Users\rahul\.m2\repository\commons-collections\commons-collections\3.2.2\commons-collections-3.2.2.jar;C:\Users\rahul\.m2\repository\commons-configuration\commons-configuration\1.6\commons-configuration-1.6.jar;C:\Users\rahul\.m2\repository\commons-digester\commons-digester\1.8\commons-digester-1.8.jar;C:\Users\rahul\.m2\repository\commons-beanutils\commons-beanutils\1.7
Launcher Type: SUN_STANDARD

[Global flags]
     intx CICompilerCount                          = 4                                         {product} {ergonomic}
     uint ConcGCThreads                            = 2                                         {product} {ergonomic}
     uint G1ConcRefinementThreads                  = 8                                         {product} {ergonomic}
   size_t G1HeapRegionSize                         = 1048576                                   {product} {ergonomic}
    uintx GCDrainStackTargetSize                   = 64                                        {product} {ergonomic}
   size_t InitialHeapSize                          = 266338304                                 {product} {ergonomic}
   size_t MarkStackSize                            = 4194304                                   {product} {ergonomic}
   size_t MaxHeapSize                              = 4259315712                                {product} {ergonomic}
   size_t MaxNewSize                               = 2555379712                                {product} {ergonomic}
   size_t MinHeapDeltaBytes                        = 1048576                                   {product} {ergonomic}
    uintx NonNMethodCodeHeapSize                   = 5836300                                {pd product} {ergonomic}
    uintx NonProfiledCodeHeapSize                  = 122910970                              {pd product} {ergonomic}
    uintx ProfiledCodeHeapSize                     = 122910970                              {pd product} {ergonomic}
    uintx ReservedCodeCacheSize                    = 251658240                              {pd product} {ergonomic}
     bool SegmentedCodeCache                       = true                                      {product} {ergonomic}
     bool UseCompressedClassPointers               = true                                 {lp64_product} {ergonomic}
     bool UseCompressedOops                        = true                                 {lp64_product} {ergonomic}
     bool UseG1GC                                  = true                                      {product} {ergonomic}
     bool UseLargePagesIndividualAllocation        = false                                  {pd product} {ergonomic}

Logging:
Log output configuration:
 #0: stdout all=warning uptime,level,tags
 #1: stderr all=off uptime,level,tags

Environment Variables:
JAVA_HOME=D:\BigDataLocalSetup\java-11
PATH=C:\Windows\system32;C:\Windows;C:\Windows\System32\Wbem;C:\Windows\System32\WindowsPowerShell\v1.0\;C:\Windows\System32\OpenSSH\;C:\Program Files\dotnet\;C:\Program Files (x86)\NVIDIA Corporation\PhysX\Common;C:\Program Files (x86)\Intel\Intel(R) Management Engine Components\DAL;C:\Program Files\Intel\Intel(R) Management Engine Components\DAL;C:\Program Files\Git\cmd;C:\Program Files\Docker\Docker\resources\bin;C:\Program Files\scala-cli-x86_64-pc-win32\;C:\Program Files\nodejs\;C:\Users\rahul\AppData\Local\Programs\Python\Python312\Scripts\;C:\Users\rahul\AppData\Local\Programs\Python\Python312\;C:\Users\rahul\AppData\Local\Programs\Python\Launcher\;C:\Program Files\MySQL\MySQL Shell 8.0\bin\;C:\Users\rahul\AppData\Local\Microsoft\WindowsApps;D:\BigDataLocalSetup\java-11\bin;D:\BigDataLocalSetup\Spark_local_setup\spark\bin;D:\BigDataLocalSetup\Hadoop\bin;C:\Program Files\JetBrains\IntelliJ IDEA Community Edition 2024.1.1\bin;;C:\Users\rahul\AppData\Local\Programs\Microsoft VS Code\bin;C:\Program Files (x86)\Nmap;C:\Users\rahul\AppData\Roaming\npm;
USERNAME=rahul
OS=Windows_NT
PROCESSOR_IDENTIFIER=Intel64 Family 6 Model 94 Stepping 3, GenuineIntel
TMP=C:\Users\rahul\AppData\Local\Temp
TEMP=C:\Users\rahul\AppData\Local\Temp



---------------  S Y S T E M  ---------------

OS: Windows 10 , 64 bit Build 19041 (10.0.19041.4842)
OS uptime: 4 days 22:21 hours
Hyper-V role detected

CPU:total 8 (initial active 8) (4 cores per cpu, 2 threads per core) family 6 model 94 stepping 3 microcode 0xe2, cmov, cx8, fxsr, mmx, sse, sse2, sse3, ssse3, sse4.1, sse4.2, popcnt, avx, avx2, aes, clmul, erms, rtm, 3dnowpref, lzcnt, ht, tsc, tscinvbit, bmi1, bmi2, adx, fma

Memory: 4k page, system-wide physical 16246M (6106M free)
TotalPageFile size 22646M (AvailPageFile size 9443M)
current process WorkingSet (physical memory assigned to process): 375M, peak: 381M
current process commit charge ("private bytes"): 527M, peak: 534M

vm_info: OpenJDK 64-Bit Server VM (11.0.19+7-LTS) for windows-amd64 JRE (11.0.19+7-LTS), built on Apr 14 2023 13:52:19 by "" with MS VC++ 15.9 (VS2017)

END.
